<?xml version="1.0" encoding="UTF-8"?>
<!-- Generated by org.testng.reporters.JUnitXMLReporter -->
<testsuite ignored="0" hostname="LAPTOP-76BTAIO0" failures="0" tests="3" name="Testedge" time="48.913" errors="0" timestamp="2023-12-21T12:51:46 CST">
  <testcase classname="factory.DriverFactory" name="testchrome" time="5.39"/>
  <testcase classname="factory.DriverFactory" name="testedge" time="16.894"/>
  <testcase classname="factory.DriverFactory" name="testfirefox" time="11.97"/>
</testsuite> <!-- Testedge -->
