<?xml version="1.0" encoding="UTF-8"?>
<!-- Generated by org.testng.reporters.JUnitXMLReporter -->
<testsuite ignored="0" hostname="LAPTOP-76BTAIO0" failures="0" tests="3" name="Testfirefox" time="3.752" errors="0" timestamp="2023-12-21T12:51:01 CST">
  <testcase classname="factory.DriverFactory" name="testchrome" time="0.0">
    <skipped/>
  </testcase> <!-- testchrome -->
  <testcase classname="factory.DriverFactory" name="testedge" time="0.0">
    <skipped/>
  </testcase> <!-- testedge -->
  <testcase classname="factory.DriverFactory" name="testfirefox" time="0.0">
    <skipped/>
  </testcase> <!-- testfirefox -->
</testsuite> <!-- Testfirefox -->
