<?xml version="1.0" encoding="UTF-8"?>
<testsuite xmlns:xsi="http://www.w3.org/2001/XMLSchema-instance" xsi:noNamespaceSchemaLocation="https://maven.apache.org/surefire/maven-surefire-plugin/xsd/surefire-test-report-3.0.xsd" version="3.0" name="Validating Graph Page" time="143.322" tests="116" errors="0" skipped="0" failures="0">
  <properties>
[...]
</properties>
  <testcase name="User launch home page of an dsalgo project" classname="User launch dsalgo application and test Home page" time="3.802">
    <system-out><![CDATA[[INFO ]2023-12-1817:46:38.619[main]utilities.LoggerLoad1]-Loading config file
[INFO ]2023-12-1817:46:38.636[main]utilities.LoggerLoad1]-BROWSER:chrome
[INFO ]2023-12-1817:46:38.636[main]utilities.LoggerLoad1]-Testing on chrome
[INFO ]2023-12-1817:46:47.875[main]utilities.LoggerLoad1]-chrome

@home @TS_home_01
Scenario: User launch home page of an dsalgo project # src/test/resources/features/DS01_Home.feature:5
  Given The user opens DS Algo portal link           # stepDefinition.Home_SD.the_user_opens_ds_algo_portal_link()
  When The user clicks the "Get Started" button      # stepDefinition.Home_SD.the_user_clicks_the_button(java.lang.String)
[INFO ]2023-12-1817:46:51.622[main]utilities.LoggerLoad1]-NumpyNinja
  Then The user should be redirected to homepage     # stepDefinition.Home_SD.the_user_should_be_redirected_to_homepage()
]]></system-out>
    <system-err><![CDATA[SLF4J: Failed to load class "org.slf4j.impl.StaticLoggerBinder".
SLF4J: Defaulting to no-operation (NOP) logger implementation
SLF4J: See http://www.slf4j.org/codes.html#StaticLoggerBinder for further details.
Dec 18, 2023 5:46:47 PM org.openqa.selenium.devtools.CdpVersionFinder findNearestMatch
WARNING: Unable to find an exact match for CDP version 120, returning the closest version; found: 119; Please update to a Selenium version that supports CDP version 120
]]></system-err>
  </testcase>
  <testcase name="User is on home page and click dropdown without signin #1" classname="User launch dsalgo application and test Home page" time="3.844">
    <system-out><![CDATA[
@home @TS_home_02
Scenario Outline: User is on home page and click dropdown without signin # src/test/resources/features/DS01_Home.feature:18
  Given The user is on home page                                         # stepDefinition.Home_SD.the_user_is_on_home_page()
  When The user clicks on dropdown "Arrays"                              # stepDefinition.Home_SD.the_user_clicks_on_dropdown(java.lang.String)
[INFO ]2023-12-1817:46:55.659[main]utilities.LoggerLoad1]-You are not logged in
  Then The user get warning message "You are not logged in"              # stepDefinition.Home_SD.the_user_get_warning_message(java.lang.String)
]]></system-out>
  </testcase>
  <testcase name="User is on home page and click dropdown without signin #2" classname="User launch dsalgo application and test Home page" time="1.012">
    <system-out><![CDATA[
@home @TS_home_02
Scenario Outline: User is on home page and click dropdown without signin # src/test/resources/features/DS01_Home.feature:19
  Given The user is on home page                                         # stepDefinition.Home_SD.the_user_is_on_home_page()
  When The user clicks on dropdown "Linked List"                         # stepDefinition.Home_SD.the_user_clicks_on_dropdown(java.lang.String)
[INFO ]2023-12-1817:46:56.681[main]utilities.LoggerLoad1]-You are not logged in
  Then The user get warning message "You are not logged in"              # stepDefinition.Home_SD.the_user_get_warning_message(java.lang.String)
]]></system-out>
  </testcase>
  <testcase name="User is on home page and click dropdown without signin #3" classname="User launch dsalgo application and test Home page" time="0.899">
    <system-out><![CDATA[
@home @TS_home_02
Scenario Outline: User is on home page and click dropdown without signin # src/test/resources/features/DS01_Home.feature:20
  Given The user is on home page                                         # stepDefinition.Home_SD.the_user_is_on_home_page()
  When The user clicks on dropdown "Stack"                               # stepDefinition.Home_SD.the_user_clicks_on_dropdown(java.lang.String)
[INFO ]2023-12-1817:46:57.579[main]utilities.LoggerLoad1]-You are not logged in
  Then The user get warning message "You are not logged in"              # stepDefinition.Home_SD.the_user_get_warning_message(java.lang.String)
]]></system-out>
  </testcase>
  <testcase name="User is on home page and click dropdown without signin #4" classname="User launch dsalgo application and test Home page" time="0.833">
    <system-out><![CDATA[
@home @TS_home_02
Scenario Outline: User is on home page and click dropdown without signin # src/test/resources/features/DS01_Home.feature:21
  Given The user is on home page                                         # stepDefinition.Home_SD.the_user_is_on_home_page()
  When The user clicks on dropdown "Queue"                               # stepDefinition.Home_SD.the_user_clicks_on_dropdown(java.lang.String)
[INFO ]2023-12-1817:46:58.415[main]utilities.LoggerLoad1]-You are not logged in
  Then The user get warning message "You are not logged in"              # stepDefinition.Home_SD.the_user_get_warning_message(java.lang.String)
]]></system-out>
  </testcase>
  <testcase name="User is on home page and click dropdown without signin #5" classname="User launch dsalgo application and test Home page" time="0.688">
    <system-out><![CDATA[
@home @TS_home_02
Scenario Outline: User is on home page and click dropdown without signin # src/test/resources/features/DS01_Home.feature:22
  Given The user is on home page                                         # stepDefinition.Home_SD.the_user_is_on_home_page()
  When The user clicks on dropdown "Tree"                                # stepDefinition.Home_SD.the_user_clicks_on_dropdown(java.lang.String)
[INFO ]2023-12-1817:46:59.096[main]utilities.LoggerLoad1]-You are not logged in
  Then The user get warning message "You are not logged in"              # stepDefinition.Home_SD.the_user_get_warning_message(java.lang.String)
]]></system-out>
  </testcase>
  <testcase name="User is on home page and click dropdown without signin #6" classname="User launch dsalgo application and test Home page" time="0.756">
    <system-out><![CDATA[
@home @TS_home_02
Scenario Outline: User is on home page and click dropdown without signin # src/test/resources/features/DS01_Home.feature:23
  Given The user is on home page                                         # stepDefinition.Home_SD.the_user_is_on_home_page()
  When The user clicks on dropdown "Graph"                               # stepDefinition.Home_SD.the_user_clicks_on_dropdown(java.lang.String)
[INFO ]2023-12-1817:46:59.855[main]utilities.LoggerLoad1]-You are not logged in
  Then The user get warning message "You are not logged in"              # stepDefinition.Home_SD.the_user_get_warning_message(java.lang.String)
]]></system-out>
  </testcase>
  <testcase name="User is on home page and click getstarted without signin #1" classname="User launch dsalgo application and test Home page" time="0.583">
    <system-out><![CDATA[
@home @TS_home_03
Scenario Outline: User is on home page and click getstarted without signin # src/test/resources/features/DS01_Home.feature:33
  Given The user is on home page                                           # stepDefinition.Home_SD.the_user_is_on_home_page()
  When The user click on getstarted in homepage "Array" without signin     # stepDefinition.Home_SD.the_user_click_on_getstarted_in_homepage_without_signin(java.lang.String)
[INFO ]2023-12-1817:47:00.440[main]utilities.LoggerLoad1]-You are not logged in
  Then The user get warning message "You are not logged in"                # stepDefinition.Home_SD.the_user_get_warning_message(java.lang.String)
]]></system-out>
  </testcase>
  <testcase name="User is on home page and click getstarted without signin #2" classname="User launch dsalgo application and test Home page" time="0.707">
    <system-out><![CDATA[
@home @TS_home_03
Scenario Outline: User is on home page and click getstarted without signin   # src/test/resources/features/DS01_Home.feature:34
  Given The user is on home page                                             # stepDefinition.Home_SD.the_user_is_on_home_page()
  When The user click on getstarted in homepage "Linked List" without signin # stepDefinition.Home_SD.the_user_click_on_getstarted_in_homepage_without_signin(java.lang.String)
[INFO ]2023-12-1817:47:01.152[main]utilities.LoggerLoad1]-You are not logged in
  Then The user get warning message "You are not logged in"                  # stepDefinition.Home_SD.the_user_get_warning_message(java.lang.String)
]]></system-out>
  </testcase>
  <testcase name="User is on home page and click getstarted without signin #3" classname="User launch dsalgo application and test Home page" time="0.597">
    <system-out><![CDATA[
@home @TS_home_03
Scenario Outline: User is on home page and click getstarted without signin # src/test/resources/features/DS01_Home.feature:35
  Given The user is on home page                                           # stepDefinition.Home_SD.the_user_is_on_home_page()
  When The user click on getstarted in homepage "Stack" without signin     # stepDefinition.Home_SD.the_user_click_on_getstarted_in_homepage_without_signin(java.lang.String)
[INFO ]2023-12-1817:47:01.748[main]utilities.LoggerLoad1]-You are not logged in
  Then The user get warning message "You are not logged in"                # stepDefinition.Home_SD.the_user_get_warning_message(java.lang.String)
]]></system-out>
  </testcase>
  <testcase name="User is on home page and click getstarted without signin #4" classname="User launch dsalgo application and test Home page" time="0.885">
    <system-out><![CDATA[
@home @TS_home_03
Scenario Outline: User is on home page and click getstarted without signin # src/test/resources/features/DS01_Home.feature:36
  Given The user is on home page                                           # stepDefinition.Home_SD.the_user_is_on_home_page()
  When The user click on getstarted in homepage "Queue" without signin     # stepDefinition.Home_SD.the_user_click_on_getstarted_in_homepage_without_signin(java.lang.String)
[INFO ]2023-12-1817:47:02.630[main]utilities.LoggerLoad1]-You are not logged in
  Then The user get warning message "You are not logged in"                # stepDefinition.Home_SD.the_user_get_warning_message(java.lang.String)
]]></system-out>
  </testcase>
  <testcase name="User is on home page and click getstarted without signin #5" classname="User launch dsalgo application and test Home page" time="0.798">
    <system-out><![CDATA[
@home @TS_home_03
Scenario Outline: User is on home page and click getstarted without signin # src/test/resources/features/DS01_Home.feature:37
  Given The user is on home page                                           # stepDefinition.Home_SD.the_user_is_on_home_page()
  When The user click on getstarted in homepage "Tree" without signin      # stepDefinition.Home_SD.the_user_click_on_getstarted_in_homepage_without_signin(java.lang.String)
[INFO ]2023-12-1817:47:03.428[main]utilities.LoggerLoad1]-You are not logged in
  Then The user get warning message "You are not logged in"                # stepDefinition.Home_SD.the_user_get_warning_message(java.lang.String)
]]></system-out>
  </testcase>
  <testcase name="User is on home page and click getstarted without signin #6" classname="User launch dsalgo application and test Home page" time="0.78">
    <system-out><![CDATA[
@home @TS_home_03
Scenario Outline: User is on home page and click getstarted without signin # src/test/resources/features/DS01_Home.feature:38
  Given The user is on home page                                           # stepDefinition.Home_SD.the_user_is_on_home_page()
  When The user click on getstarted in homepage "Graph" without signin     # stepDefinition.Home_SD.the_user_click_on_getstarted_in_homepage_without_signin(java.lang.String)
[INFO ]2023-12-1817:47:04.220[main]utilities.LoggerLoad1]-You are not logged in
  Then The user get warning message "You are not logged in"                # stepDefinition.Home_SD.the_user_get_warning_message(java.lang.String)
]]></system-out>
  </testcase>
  <testcase name="User is on home page and click Register link" classname="User launch dsalgo application and test Home page" time="0.465">
    <system-out><![CDATA[
@home @TS_home_04
Scenario: User is on home page and click Register link # src/test/resources/features/DS01_Home.feature:41
  Given The user is on home page                       # stepDefinition.Home_SD.the_user_is_on_home_page()
  When The user click on register link                 # stepDefinition.Home_SD.the_user_click_on_register_link()
[INFO ]2023-12-1817:47:04.673[main]utilities.LoggerLoad1]-Registration
  Then The user redirected to register page            # stepDefinition.Home_SD.the_user_redirected_to_register_page()
]]></system-out>
  </testcase>
  <testcase name="User is on home page and click signin link" classname="User launch dsalgo application and test Home page" time="0.477">
    <system-out><![CDATA[
@home @TS_home_05
Scenario: User is on home page and click signin link # src/test/resources/features/DS01_Home.feature:47
  Given The user is on home page                     # stepDefinition.Home_SD.the_user_is_on_home_page()
  When The user click on signin link                 # stepDefinition.Home_SD.the_user_click_on_signin_link()
[INFO ]2023-12-1817:47:05.154[main]utilities.LoggerLoad1]-Login
  Then The user redirected to login page             # stepDefinition.Home_SD.the_user_redirected_to_login_page()
]]></system-out>
  </testcase>
  <testcase name="The user get error message for empty field  username and password textbox" classname="Validating register page" time="0.866">
    <system-out><![CDATA[
@register @TS_register_01
Scenario: The user get error message for empty field  username and password textbox # src/test/resources/features/DS02_Register.feature:5
  Given The user open register page                                                 # stepDefinition.Register_SD.the_user_open_register_page()
  When The user click Register button                                               # stepDefinition.Register_SD.the_user_click_register_button()
  Then It should display error message "Please fill out this field."                # stepDefinition.Register_SD.it_should_display_error_message(java.lang.String)
]]></system-out>
  </testcase>
  <testcase name="The user get error message for invalid  username" classname="Validating register page" time="1.268">
    <system-out><![CDATA[
@register @TS_register_02
Scenario: The user get error message for invalid  username                                     # src/test/resources/features/DS02_Register.feature:11
  Given The user open register page                                                            # stepDefinition.Register_SD.the_user_open_register_page()
  When The user enters a "username" with characters other than Letters, digits and "@/./+/-/_" # stepDefinition.Register_SD.the_user_enters_a_with_characters_other_than_letters_digits_and(java.lang.String,java.lang.String,io.cucumber.datatable.DataTable)
    | username | password | password confirmation |
    | &*#%^89! | testuser | testuser              |
  And The user click Register button                                                           # stepDefinition.Register_SD.the_user_click_register_button()
  Then The user get error message "password_mismatch:The two password fields didn’t match."    # stepDefinition.Register_SD.the_user_get_error_message(java.lang.String)
]]></system-out>
  </testcase>
  <testcase name="The user get error message for validate password #1" classname="Validating register page" time="0.889">
    <system-out><![CDATA[
@register @TS_register_03
Scenario: The user get error message for validate password                                  # src/test/resources/features/DS02_Register.feature:20
  Given The user open register page                                                         # stepDefinition.Register_SD.the_user_open_register_page()
  When The user enters a valid "username" and "password" similar to username                # stepDefinition.Register_SD.the_user_enters_a_valid_and_similar_to_username(java.lang.String,java.lang.String,io.cucumber.datatable.DataTable)
    | username | password | password confirmation |
    | user     | user01   | user01                |
  And The user click Register button                                                        # stepDefinition.Register_SD.the_user_click_register_button()
  Then The user get error message "password_mismatch:The two password fields didn’t match." # stepDefinition.Register_SD.the_user_get_error_message(java.lang.String)
]]></system-out>
  </testcase>
  <testcase name="The user get error message for validate password #2" classname="Validating register page" time="0.914">
    <system-out><![CDATA[
@register @TS_register_04
Scenario: The user get error message for validate password                                  # src/test/resources/features/DS02_Register.feature:29
  Given The user open register page                                                         # stepDefinition.Register_SD.the_user_open_register_page()
  When The user enters a valid "username" and "password" with characters less than 8        # stepDefinition.Register_SD.the_user_enters_a_valid_and_with_characters_less_than(java.lang.String,java.lang.String,java.lang.Integer,io.cucumber.datatable.DataTable)
    | username | password | password confirmation |
    | user     | word     | word                  |
  And The user click Register button                                                        # stepDefinition.Register_SD.the_user_click_register_button()
  Then The user get error message "password_mismatch:The two password fields didn’t match." # stepDefinition.Register_SD.the_user_get_error_message(java.lang.String)
]]></system-out>
  </testcase>
  <testcase name="The user get error message for validate password #3" classname="Validating register page" time="0.862">
    <system-out><![CDATA[
@register @TS_register_05
Scenario: The user get error message for validate password                                  # src/test/resources/features/DS02_Register.feature:38
  Given The user open register page                                                         # stepDefinition.Register_SD.the_user_open_register_page()
  When The user enters a valid "username" and commonly used password "password"             # stepDefinition.Register_SD.the_user_enters_a_valid_and_commonly_used_password(java.lang.String,java.lang.String,io.cucumber.datatable.DataTable)
    | username | password | password confirmation |
    | user     | welcome  | welcome               |
  And The user click Register button                                                        # stepDefinition.Register_SD.the_user_click_register_button()
  Then The user get error message "password_mismatch:The two password fields didn’t match." # stepDefinition.Register_SD.the_user_get_error_message(java.lang.String)
]]></system-out>
  </testcase>
  <testcase name="The user get error message for validate password #4" classname="Validating register page" time="1.618">
    <system-out><![CDATA[
@register @TS_register_06
Scenario: The user get error message for validate password                                  # src/test/resources/features/DS02_Register.feature:47
  Given The user open register page                                                         # stepDefinition.Register_SD.the_user_open_register_page()
  When The user enters a valid "username" and "password" with only numbers                  # stepDefinition.Register_SD.the_user_enters_a_valid_and_with_only_numbers(java.lang.String,java.lang.String,io.cucumber.datatable.DataTable)
    | username | password | password confirmation |
    | user     | 12345678 | 12345678              |
  And The user click Register button                                                        # stepDefinition.Register_SD.the_user_click_register_button()
  Then The user get error message "password_mismatch:The two password fields didn’t match." # stepDefinition.Register_SD.the_user_get_error_message(java.lang.String)
]]></system-out>
  </testcase>
  <testcase name="The user redirected to home page with valid credentials" classname="Validating register page" time="2.037">
    <system-out><![CDATA[
@register @TS_register_07
Scenario: The user redirected to home page with valid credentials                                                    # src/test/resources/features/DS02_Register.feature:56
  Given The user open register page                                                                                  # stepDefinition.Register_SD.the_user_open_register_page()
  When The user enters a valid "username" and "password" and "password confirmation"                                 # stepDefinition.Register_SD.the_user_enters_a_valid_and_and(java.lang.String,java.lang.String,java.lang.String,io.cucumber.datatable.DataTable)
    | username | password   | password confirmation |
    | Numpy    | testuser01 | testuser01            |
  And The user click Register button                                                                                 # stepDefinition.Register_SD.the_user_click_register_button()
  Then The user should be redirected to homepage with message "New Account Created. You are logged in as <username>" # stepDefinition.Register_SD.the_user_should_be_redirected_to_homepage_with_message(java.lang.String)
]]></system-out>
  </testcase>
  <testcase name="Login with invalid credentials" classname="Validating Login Page" time="2.029">
    <system-out><![CDATA[
@login @TS_login_01
Scenario: Login with invalid credentials                             # src/test/resources/features/DS03_Login.feature:5
  Given The user is on login page                                    # stepDefinition.Login_SD.the_user_is_on_login_page()
  When The user enter invalid "username" and "password"              # stepDefinition.Login_SD.the_user_enter_invalid_and(java.lang.String,java.lang.String,io.cucumber.datatable.DataTable)
    | username | password |
    | Numpy    | [empty]  |
    | [empty]  | testuser |
    | [empty]  | [empty]  |
  And The user click login button                                    # stepDefinition.Login_SD.the_user_click_login_button()
  Then It should display error message "Please fill out this field." # stepDefinition.Register_SD.it_should_display_error_message(java.lang.String)
]]></system-out>
  </testcase>
  <testcase name="Login with valid and invalid credentials #1" classname="Validating Login Page" time="2.761">
    <system-out><![CDATA[
@login @TS_login_02
Scenario Outline: Login with valid and invalid credentials        # src/test/resources/features/DS03_Login.feature:23
  Given The user is on login page                                 # stepDefinition.Login_SD.the_user_is_on_login_page()
[INFO ]2023-12-1817:47:18.394[main]utilities.LoggerLoad1]-ERROR MESSAGE FROM SCREEN:Invalid Username and Password
  When The user enter sheet "Sheet1" and 0                        # stepDefinition.Login_SD.the_user_enter_sheet_and(java.lang.String,java.lang.Integer)
  Then The user get error message "Invalid Username and Password" # stepDefinition.Register_SD.the_user_get_error_message(java.lang.String)
]]></system-out>
  </testcase>
  <testcase name="Login with valid and invalid credentials #2" classname="Validating Login Page" time="0.851">
    <system-out><![CDATA[
@login @TS_login_02
Scenario Outline: Login with valid and invalid credentials        # src/test/resources/features/DS03_Login.feature:24
  Given The user is on login page                                 # stepDefinition.Login_SD.the_user_is_on_login_page()
[INFO ]2023-12-1817:47:19.245[main]utilities.LoggerLoad1]-ERROR MESSAGE FROM SCREEN:Invalid Username and Password
  When The user enter sheet "Sheet1" and 1                        # stepDefinition.Login_SD.the_user_enter_sheet_and(java.lang.String,java.lang.Integer)
  Then The user get error message "Invalid Username and Password" # stepDefinition.Register_SD.the_user_get_error_message(java.lang.String)
]]></system-out>
  </testcase>
  <testcase name="Login with valid and invalid credentials #3" classname="Validating Login Page" time="1.227">
    <system-out><![CDATA[
@login @TS_login_02
Scenario Outline: Login with valid and invalid credentials        # src/test/resources/features/DS03_Login.feature:25
  Given The user is on login page                                 # stepDefinition.Login_SD.the_user_is_on_login_page()
[INFO ]2023-12-1817:47:20.479[main]utilities.LoggerLoad1]-ERROR MESSAGE FROM SCREEN:Invalid Username and Password
  When The user enter sheet "Sheet1" and 2                        # stepDefinition.Login_SD.the_user_enter_sheet_and(java.lang.String,java.lang.Integer)
  Then The user get error message "Invalid Username and Password" # stepDefinition.Register_SD.the_user_get_error_message(java.lang.String)
]]></system-out>
  </testcase>
  <testcase name="Login with valid and invalid credentials #4" classname="Validating Login Page" time="1.371">
    <system-out><![CDATA[
@login @TS_login_02
Scenario Outline: Login with valid and invalid credentials        # src/test/resources/features/DS03_Login.feature:26
  Given The user is on login page                                 # stepDefinition.Login_SD.the_user_is_on_login_page()
[INFO ]2023-12-1817:47:21.844[main]utilities.LoggerLoad1]-ERROR MESSAGE FROM SCREEN:Invalid Username and Password
  When The user enter sheet "Sheet1" and 3                        # stepDefinition.Login_SD.the_user_enter_sheet_and(java.lang.String,java.lang.Integer)
  Then The user get error message "Invalid Username and Password" # stepDefinition.Register_SD.the_user_get_error_message(java.lang.String)
]]></system-out>
  </testcase>
  <testcase name="Login with valid  credentials" classname="Validating Login Page" time="1.321">
    <system-out><![CDATA[
@login @TS_login_03
Scenario: Login with valid  credentials                      # src/test/resources/features/DS03_Login.feature:29
  Given The user is on login page                            # stepDefinition.Login_SD.the_user_is_on_login_page()
  When The user enter "Numpy" and "testuser01"               # stepDefinition.Login_SD.the_user_enter_and(java.lang.String,java.lang.String)
[INFO ]2023-12-1817:47:23.203[main]utilities.LoggerLoad1]-Numpy
  Then The user should be redirected to home page as "Numpy" # stepDefinition.Login_SD.the_user_should_be_redirected_to_home_page_as(java.lang.String)
]]></system-out>
  </testcase>
  <testcase name="Verify signout link" classname="Validating Login Page" time="1.528">
    <system-out><![CDATA[
@login @TS_login_04
Scenario: Verify signout link                                                            # src/test/resources/features/DS03_Login.feature:35
  Given The user is on login page with valid "Numpy" and "testuser01"                    # stepDefinition.Login_SD.the_user_is_on_login_page_with_valid_and(java.lang.String,java.lang.String)
  When The user click signout link                                                       # stepDefinition.Login_SD.the_user_click_signout_link()
[INFO ]2023-12-1817:47:24.727[main]utilities.LoggerLoad1]-Logged out successfully
  Then The user should be redirected to home page with message "Logged out successfully" # stepDefinition.Login_SD.the_user_should_be_redirected_to_home_page_with_message(java.lang.String)
]]></system-out>
  </testcase>
  <testcase name="The user is navigate to DS introduction page" classname="Validating DataStructure Page" time="2.856">
    <system-out><![CDATA[
@data_structure
Scenario: The user is navigate to DS introduction page            # src/test/resources/features/DS04_Data.feature:4
  Given The user is on login page                                 # stepDefinition.Login_SD.the_user_is_on_login_page()
  When The user enter "Numpy" and "testuser01"                    # stepDefinition.Login_SD.the_user_enter_and(java.lang.String,java.lang.String)
[INFO ]2023-12-1817:47:25.990[main]utilities.LoggerLoad1]-Numpy
  Then The user should be redirected to home page as "Numpy"      # stepDefinition.Login_SD.the_user_should_be_redirected_to_home_page_as(java.lang.String)
  When The user click get started                                 # stepDefinition.DataStructure_SD.the_user_click_get_started()
[INFO ]2023-12-1817:47:26.420[main]utilities.LoggerLoad1]-Data Structures-Introduction
  Then The user redirected to "Data Structures-Introduction" page # stepDefinition.DataStructure_SD.the_user_redirected_to_page(java.lang.String)
  When The user click Time complexity link                        # stepDefinition.DataStructure_SD.the_user_click_time_complexity_link()
[INFO ]2023-12-1817:47:26.742[main]utilities.LoggerLoad1]-Time Complexity
  Then The user redirected to "Time Complexity" page              # stepDefinition.DataStructure_SD.the_user_redirected_to_page(java.lang.String)
  When The user click Try here button                             # stepDefinition.DataStructure_SD.the_user_click_try_here_button()
[INFO ]2023-12-1817:47:27.583[main]utilities.LoggerLoad1]-Assessment
  Then The user redirected to "Assessment" page                   # stepDefinition.DataStructure_SD.the_user_redirected_to_page(java.lang.String)
]]></system-out>
  </testcase>
  <testcase name="The user submits python code #1" classname="Validating DataStructure Page" time="1.061">
    <system-out><![CDATA[
@data_structure
Scenario Outline: The user submits python code                  # src/test/resources/features/DS04_Data.feature:22
[INFO ]2023-12-1817:47:27.666[main]utilities.LoggerLoad1]-EXPECTED:hello
[INFO ]2023-12-1817:47:27.918[main]utilities.LoggerLoad1]-ENTERING INPUT:print"hello"
  When The user enter the python code from sheet "Sheet2" and 0 # stepDefinition.DataStructure_SD.the_user_enter_the_sheet_and(java.lang.String,java.lang.Integer)
  And The user click run button                                 # stepDefinition.DataStructure_SD.the_user_click_run_button()
[INFO ]2023-12-1817:47:28.547[main]utilities.LoggerLoad1]-elementToCheck:outputtext
[INFO ]2023-12-1817:47:28.617[main]utilities.LoggerLoad1]-hello
[INFO ]2023-12-1817:47:28.636[main]utilities.LoggerLoad1]-hello
[INFO ]2023-12-1817:47:28.636[main]utilities.LoggerLoad1]-EXPECTED:hello
[INFO ]2023-12-1817:47:28.636[main]utilities.LoggerLoad1]-ACTUAL:hello
  Then The user should see the expected output                  # stepDefinition.DataStructure_SD.the_user_should_see_the_expected_output()
]]></system-out>
  </testcase>
  <testcase name="The user submits python code #2" classname="Validating DataStructure Page" time="0.561">
    <system-out><![CDATA[
@data_structure
Scenario Outline: The user submits python code                  # src/test/resources/features/DS04_Data.feature:23
[INFO ]2023-12-1817:47:28.729[main]utilities.LoggerLoad1]-EXPECTED:NameError: name 'hello' is not defined on line 1
[INFO ]2023-12-1817:47:28.976[main]utilities.LoggerLoad1]-ENTERING INPUT:hello
  When The user enter the python code from sheet "Sheet2" and 1 # stepDefinition.DataStructure_SD.the_user_enter_the_sheet_and(java.lang.String,java.lang.Integer)
  And The user click run button                                 # stepDefinition.DataStructure_SD.the_user_click_run_button()
[INFO ]2023-12-1817:47:29.148[main]utilities.LoggerLoad1]-elementToCheck:alerttext
[INFO ]2023-12-1817:47:29.199[main]utilities.LoggerLoad1]-EXPECTED:NameError: name 'hello' is not defined on line 1
[INFO ]2023-12-1817:47:29.200[main]utilities.LoggerLoad1]-ACTUAL:NameError: name 'hello' is not defined on line 1
  Then The user should see the expected output                  # stepDefinition.DataStructure_SD.the_user_should_see_the_expected_output()
]]></system-out>
  </testcase>
  <testcase name="The user is navigate to array page" classname="Validating Array Page" time="1.598">
    <system-out><![CDATA[
@array @TS_array_01
Scenario: The user is navigate to array page                 # src/test/resources/features/DS05_Array.feature:5
  Given The user is on login page                            # stepDefinition.Login_SD.the_user_is_on_login_page()
  When The user enter "Numpy" and "testuser01"               # stepDefinition.Login_SD.the_user_enter_and(java.lang.String,java.lang.String)
[INFO ]2023-12-1817:47:30.383[main]utilities.LoggerLoad1]-Numpy
  Then The user should be redirected to home page as "Numpy" # stepDefinition.Login_SD.the_user_should_be_redirected_to_home_page_as(java.lang.String)
  When The user click get started in array panel             # stepDefinition.Array_SD.the_user_click_get_started_in_array_panel()
[INFO ]2023-12-1817:47:30.802[main]utilities.LoggerLoad1]-Array
  Then The user redirected to "Array" page                   # stepDefinition.DataStructure_SD.the_user_redirected_to_page(java.lang.String)
]]></system-out>
  </testcase>
  <testcase name="The user is navigate to arrays in python page" classname="Validating Array Page" time="1.266">
    <system-out><![CDATA[
@array @TS_array_02
Scenario: The user is navigate to arrays in python page  # src/test/resources/features/DS05_Array.feature:13
  Given The user is on array page after logged in        # stepDefinition.Array_SD.the_user_is_on_array_page_after_logged_in()
  When The user click on Arrays in Python link           # stepDefinition.Array_SD.the_user_click_on_arrays_in_python_link()
[INFO ]2023-12-1817:47:31.554[main]utilities.LoggerLoad1]-Actual :Arrays in Python
[INFO ]2023-12-1817:47:31.555[main]utilities.LoggerLoad1]-Expected: Arrays in Python
  Then The user is redirected to "Arrays in Python" page # stepDefinition.Tree_SD.the_user_is_redirected_to_page(java.lang.String)
  When The user click try here button                    # stepDefinition.Tree_SD.the_user_click_try_here_button()
[INFO ]2023-12-1817:47:32.064[main]utilities.LoggerLoad1]-Actual :Assessment
[INFO ]2023-12-1817:47:32.064[main]utilities.LoggerLoad1]-Expected: Assessment
  Then The user is redirected to "Assessment" page       # stepDefinition.Tree_SD.the_user_is_redirected_to_page(java.lang.String)
]]></system-out>
  </testcase>
  <testcase name="The user submits python code #1" classname="Validating Array Page" time="0.7">
    <system-out><![CDATA[
@array
Scenario Outline: The user submits python code                  # src/test/resources/features/DS05_Array.feature:27
[INFO ]2023-12-1817:47:32.230[main]utilities.LoggerLoad1]-EXPECTED:NameError: name 'hello' is not defined on line 1
[INFO ]2023-12-1817:47:32.500[main]utilities.LoggerLoad1]-ENTERING INPUT:hello
  When The user enter the python code from sheet "Sheet2" and 1 # stepDefinition.DataStructure_SD.the_user_enter_the_sheet_and(java.lang.String,java.lang.Integer)
  And The user click run button                                 # stepDefinition.DataStructure_SD.the_user_click_run_button()
[INFO ]2023-12-1817:47:32.733[main]utilities.LoggerLoad1]-elementToCheck:alerttext
[INFO ]2023-12-1817:47:32.766[main]utilities.LoggerLoad1]-EXPECTED:NameError: name 'hello' is not defined on line 1
[INFO ]2023-12-1817:47:32.767[main]utilities.LoggerLoad1]-ACTUAL:NameError: name 'hello' is not defined on line 1
  Then The user should see the expected output                  # stepDefinition.DataStructure_SD.the_user_should_see_the_expected_output()
]]></system-out>
  </testcase>
  <testcase name="The user is navigate to arrays using list page" classname="Validating Array Page" time="1.008">
    <system-out><![CDATA[
@array @TS_array_03
Scenario: The user is navigate to arrays using list page  # src/test/resources/features/DS05_Array.feature:30
  Given The user is on array page after logged in         # stepDefinition.Array_SD.the_user_is_on_array_page_after_logged_in()
  When The user click on Arrays Using List link           # stepDefinition.Array_SD.the_user_click_on_arrays_using_list_link()
[INFO ]2023-12-1817:47:33.355[main]utilities.LoggerLoad1]-Actual :Arrays Using List
[INFO ]2023-12-1817:47:33.356[main]utilities.LoggerLoad1]-Expected: Arrays Using List
  Then The user is redirected to "Arrays Using List" page # stepDefinition.Tree_SD.the_user_is_redirected_to_page(java.lang.String)
  When The user click try here button                     # stepDefinition.Tree_SD.the_user_click_try_here_button()
[INFO ]2023-12-1817:47:33.753[main]utilities.LoggerLoad1]-Actual :Assessment
[INFO ]2023-12-1817:47:33.753[main]utilities.LoggerLoad1]-Expected: Assessment
  Then The user is redirected to "Assessment" page        # stepDefinition.Tree_SD.the_user_is_redirected_to_page(java.lang.String)
]]></system-out>
  </testcase>
  <testcase name="The user submits python code #2" classname="Validating Array Page" time="0.601">
    <system-out><![CDATA[
@array
Scenario Outline: The user submits python code                  # src/test/resources/features/DS05_Array.feature:44
[INFO ]2023-12-1817:47:33.854[main]utilities.LoggerLoad1]-EXPECTED:NameError: name 'hello' is not defined on line 1
[INFO ]2023-12-1817:47:34.142[main]utilities.LoggerLoad1]-ENTERING INPUT:hello
  When The user enter the python code from sheet "Sheet2" and 1 # stepDefinition.DataStructure_SD.the_user_enter_the_sheet_and(java.lang.String,java.lang.Integer)
  And The user click run button                                 # stepDefinition.DataStructure_SD.the_user_click_run_button()
[INFO ]2023-12-1817:47:34.320[main]utilities.LoggerLoad1]-elementToCheck:alerttext
[INFO ]2023-12-1817:47:34.349[main]utilities.LoggerLoad1]-EXPECTED:NameError: name 'hello' is not defined on line 1
[INFO ]2023-12-1817:47:34.349[main]utilities.LoggerLoad1]-ACTUAL:NameError: name 'hello' is not defined on line 1
  Then The user should see the expected output                  # stepDefinition.DataStructure_SD.the_user_should_see_the_expected_output()
]]></system-out>
  </testcase>
  <testcase name="The user is navigate to basic operations in lists page" classname="Validating Array Page" time="0.906">
    <system-out><![CDATA[
@array @TS_array_04
Scenario: The user is navigate to basic operations in lists page  # src/test/resources/features/DS05_Array.feature:47
  Given The user is on array page after logged in                 # stepDefinition.Array_SD.the_user_is_on_array_page_after_logged_in()
  When The user click on Basic Operations in Lists link           # stepDefinition.Array_SD.the_user_click_on_basic_operations_in_lists_link()
[INFO ]2023-12-1817:47:34.948[main]utilities.LoggerLoad1]-Actual :Basic Operations in Lists
[INFO ]2023-12-1817:47:34.948[main]utilities.LoggerLoad1]-Expected: Basic Operations in Lists
  Then The user is redirected to "Basic Operations in Lists" page # stepDefinition.Tree_SD.the_user_is_redirected_to_page(java.lang.String)
  When The user click try here button                             # stepDefinition.Tree_SD.the_user_click_try_here_button()
[INFO ]2023-12-1817:47:35.287[main]utilities.LoggerLoad1]-Actual :Assessment
[INFO ]2023-12-1817:47:35.287[main]utilities.LoggerLoad1]-Expected: Assessment
  Then The user is redirected to "Assessment" page                # stepDefinition.Tree_SD.the_user_is_redirected_to_page(java.lang.String)
]]></system-out>
  </testcase>
  <testcase name="The user submits python code #3" classname="Validating Array Page" time="0.846">
    <system-out><![CDATA[
@array
Scenario Outline: The user submits python code                  # src/test/resources/features/DS05_Array.feature:61
[INFO ]2023-12-1817:47:35.375[main]utilities.LoggerLoad1]-EXPECTED:hello
[INFO ]2023-12-1817:47:35.811[main]utilities.LoggerLoad1]-ENTERING INPUT:print"hello"
  When The user enter the python code from sheet "Sheet2" and 0 # stepDefinition.DataStructure_SD.the_user_enter_the_sheet_and(java.lang.String,java.lang.Integer)
  And The user click run button                                 # stepDefinition.DataStructure_SD.the_user_click_run_button()
[INFO ]2023-12-1817:47:36.050[main]utilities.LoggerLoad1]-elementToCheck:outputtext
[INFO ]2023-12-1817:47:36.111[main]utilities.LoggerLoad1]-hello
[INFO ]2023-12-1817:47:36.135[main]utilities.LoggerLoad1]-hello
[INFO ]2023-12-1817:47:36.136[main]utilities.LoggerLoad1]-EXPECTED:hello
[INFO ]2023-12-1817:47:36.136[main]utilities.LoggerLoad1]-ACTUAL:hello
  Then The user should see the expected output                  # stepDefinition.DataStructure_SD.the_user_should_see_the_expected_output()
]]></system-out>
  </testcase>
  <testcase name="The user is navigate to applications of array page" classname="Validating Array Page" time="1">
    <system-out><![CDATA[
@array @TS_array_05
Scenario: The user is navigate to applications of array page  # src/test/resources/features/DS05_Array.feature:64
  Given The user is on array page after logged in             # stepDefinition.Array_SD.the_user_is_on_array_page_after_logged_in()
  When The user click on Applications of Array link           # stepDefinition.Array_SD.the_user_click_on_applications_of_array_link()
[INFO ]2023-12-1817:47:36.776[main]utilities.LoggerLoad1]-Actual :Applications of Array
[INFO ]2023-12-1817:47:36.776[main]utilities.LoggerLoad1]-Expected: Applications of Array
  Then The user is redirected to "Applications of Array" page # stepDefinition.Tree_SD.the_user_is_redirected_to_page(java.lang.String)
  When The user click try here button                         # stepDefinition.Tree_SD.the_user_click_try_here_button()
[INFO ]2023-12-1817:47:37.139[main]utilities.LoggerLoad1]-Actual :Assessment
[INFO ]2023-12-1817:47:37.140[main]utilities.LoggerLoad1]-Expected: Assessment
  Then The user is redirected to "Assessment" page            # stepDefinition.Tree_SD.the_user_is_redirected_to_page(java.lang.String)
]]></system-out>
  </testcase>
  <testcase name="The user submits python code #4" classname="Validating Array Page" time="0.748">
    <system-out><![CDATA[
@array
Scenario Outline: The user submits python code                  # src/test/resources/features/DS05_Array.feature:78
[INFO ]2023-12-1817:47:37.217[main]utilities.LoggerLoad1]-EXPECTED:hello
[INFO ]2023-12-1817:47:37.510[main]utilities.LoggerLoad1]-ENTERING INPUT:print"hello"
  When The user enter the python code from sheet "Sheet2" and 0 # stepDefinition.DataStructure_SD.the_user_enter_the_sheet_and(java.lang.String,java.lang.Integer)
  And The user click run button                                 # stepDefinition.DataStructure_SD.the_user_click_run_button()
[INFO ]2023-12-1817:47:37.808[main]utilities.LoggerLoad1]-elementToCheck:outputtext
[INFO ]2023-12-1817:47:37.858[main]utilities.LoggerLoad1]-hello
[INFO ]2023-12-1817:47:37.878[main]utilities.LoggerLoad1]-hello
[INFO ]2023-12-1817:47:37.878[main]utilities.LoggerLoad1]-EXPECTED:hello
[INFO ]2023-12-1817:47:37.878[main]utilities.LoggerLoad1]-ACTUAL:hello
  Then The user should see the expected output                  # stepDefinition.DataStructure_SD.the_user_should_see_the_expected_output()
]]></system-out>
  </testcase>
  <testcase name="The user is navigate to practice questions page #1" classname="Validating Array Page" time="0.631">
    <system-out><![CDATA[
@array @TS_array_06
Scenario: The user is navigate to practice questions page                                        # src/test/resources/features/DS05_Array.feature:81
  Given The user is on pactice question page after logged in                                     # stepDefinition.Array_SD.the_user_is_on_pactice_question_page_after_logged_in()
  When The user click on Search the array link                                                   # stepDefinition.Array_SD.the_user_click_on_search_the_array_link()
[INFO ]2023-12-1817:47:38.481[main]utilities.LoggerLoad1]-User is redirected to Questions page having a Try Editor with Run button and Submit buttons
[INFO ]2023-12-1817:47:38.510[main]utilities.LoggerLoad1]-Page Title is Assessment
  Then The user is redirected to Questions page contains a tryEditor with Run and Submit buttons # stepDefinition.Array_SD.the_user_is_redirected_to_questions_page_contains_a_try_editor_with_run_and_submit_buttons()
]]></system-out>
  </testcase>
  <testcase name="The user is able to run code in tryEditor for Search the array link #1" classname="Validating Array Page" time="4.075">
    <system-out><![CDATA[
@array @TS_array_06
Scenario Outline: The user is able to run code in tryEditor for Search the array link # src/test/resources/features/DS05_Array.feature:94
[INFO ]2023-12-1817:47:38.616[main]utilities.LoggerLoad1]-EXPECTED:Element Found
[INFO ]2023-12-1817:47:38.827[main]utilities.LoggerLoad1]-ENTERING INPUT:DELETE|DELETE|DELETE|DELETE|DELETE|DELETE|DELETE|DELETE|DELETE|DELETE|DELETE|DELETE|DELETE|DELETE|DELETE|DELETE|DELETE|DELETE|DELETE|DELETE|DELETE|DELETE|DELETE|DELETE|DELETE|DELETE|DELETE|DELETE|DELETE|def search(input_list, num):|ENTER|if(num in input_list):|ENTER|print("Element Found")|ENTER|BACKSPACE|BACKSPACE|else:|ENTER|print("Not Found")|ENTER|BACKSPACE|BACKSPACE|BACKSPACE|BACKSPACE|search([12, 23, 45, 67, 6, 90] , 12)
  When The user enter the python code from sheet "Sheet3" and 0                       # stepDefinition.DataStructure_SD.the_user_enter_the_sheet_and(java.lang.String,java.lang.Integer)
  And The user click run button                                                       # stepDefinition.DataStructure_SD.the_user_click_run_button()
[INFO ]2023-12-1817:47:42.463[main]utilities.LoggerLoad1]-elementToCheck:outputtext
[INFO ]2023-12-1817:47:42.537[main]utilities.LoggerLoad1]-Element Found
[INFO ]2023-12-1817:47:42.583[main]utilities.LoggerLoad1]-Element Found
[INFO ]2023-12-1817:47:42.583[main]utilities.LoggerLoad1]-EXPECTED:Element Found
[INFO ]2023-12-1817:47:42.583[main]utilities.LoggerLoad1]-ACTUAL:Element Found
  Then The user should see the expected output                                        # stepDefinition.DataStructure_SD.the_user_should_see_the_expected_output()
]]></system-out>
  </testcase>
  <testcase name="The user is navigate to practice questions page #2" classname="Validating Array Page" time="0.82">
    <system-out><![CDATA[
@array @TS_array_07
Scenario: The user is navigate to practice questions page                                        # src/test/resources/features/DS05_Array.feature:97
  Given The user is on pactice question page after logged in                                     # stepDefinition.Array_SD.the_user_is_on_pactice_question_page_after_logged_in()
  When The user click on Search the array link                                                   # stepDefinition.Array_SD.the_user_click_on_search_the_array_link()
[INFO ]2023-12-1817:47:43.399[main]utilities.LoggerLoad1]-User is redirected to Questions page having a Try Editor with Run button and Submit buttons
[INFO ]2023-12-1817:47:43.408[main]utilities.LoggerLoad1]-Page Title is Assessment
  Then The user is redirected to Questions page contains a tryEditor with Run and Submit buttons # stepDefinition.Array_SD.the_user_is_redirected_to_questions_page_contains_a_try_editor_with_run_and_submit_buttons()
]]></system-out>
  </testcase>
  <testcase name="The user is able to run code in tryEditor for Search the array link #2" classname="Validating Array Page" time="4.615">
    <system-out><![CDATA[
@array @TS_array_07
Scenario Outline: The user is able to run code in tryEditor for Search the array link # src/test/resources/features/DS05_Array.feature:110
[INFO ]2023-12-1817:47:43.498[main]utilities.LoggerLoad1]-EXPECTED: Some Tests failed. Please review code
[INFO ]2023-12-1817:47:43.753[main]utilities.LoggerLoad1]-ENTERING INPUT:DELETE|DELETE|DELETE|DELETE|DELETE|DELETE|DELETE|DELETE|DELETE|DELETE|DELETE|DELETE|DELETE|DELETE|DELETE|DELETE|DELETE|DELETE|DELETE|DELETE|DELETE|DELETE|DELETE|DELETE|DELETE|DELETE|DELETE|DELETE|DELETE|def search(input_list, num):|ENTER|if(num in input_list):|ENTER|print("Element Found")|ENTER|BACKSPACE|BACKSPACE|else:|ENTER|print("Not Found")|ENTER|BACKSPACE|BACKSPACE|BACKSPACE|BACKSPACE|search([12, 23, 45, 67, 6, 90] , 12)
  When The user enter the python code from sheet "Sheet3" and 1                       # stepDefinition.DataStructure_SD.the_user_enter_the_sheet_and(java.lang.String,java.lang.Integer)
  And The user click submit button                                                    # stepDefinition.Array_SD.the_user_click_submit_button()
[INFO ]2023-12-1817:47:47.255[main]utilities.LoggerLoad1]-elementToCheck:outputtext
[INFO ]2023-12-1817:47:47.964[main]utilities.LoggerLoad1]- Some Tests failed. Please review code
[INFO ]2023-12-1817:47:48.021[main]utilities.LoggerLoad1]- Some Tests failed. Please review code
[INFO ]2023-12-1817:47:48.021[main]utilities.LoggerLoad1]-EXPECTED: Some Tests failed. Please review code
[INFO ]2023-12-1817:47:48.021[main]utilities.LoggerLoad1]-ACTUAL: Some Tests failed. Please review code
  Then The user should see the expected output                                        # stepDefinition.DataStructure_SD.the_user_should_see_the_expected_output()
]]></system-out>
  </testcase>
  <testcase name="The user is navigate to practice questions page #3" classname="Validating Array Page" time="0.65">
    <system-out><![CDATA[
@array @TS_array_08
Scenario: The user is navigate to practice questions page                                        # src/test/resources/features/DS05_Array.feature:113
  Given The user is on pactice question page after logged in                                     # stepDefinition.Array_SD.the_user_is_on_pactice_question_page_after_logged_in()
  When The user click on Max Consecutive Ones link                                               # stepDefinition.Array_SD.the_user_click_on_max_consecutive_ones_link()
[INFO ]2023-12-1817:47:48.667[main]utilities.LoggerLoad1]-User is redirected to Questions page having a Try Editor with Run button and Submit buttons
[INFO ]2023-12-1817:47:48.678[main]utilities.LoggerLoad1]-Page Title is Assessment
  Then The user is redirected to Questions page contains a tryEditor with Run and Submit buttons # stepDefinition.Array_SD.the_user_is_redirected_to_questions_page_contains_a_try_editor_with_run_and_submit_buttons()
]]></system-out>
  </testcase>
  <testcase name="The user is navigate to practice questions page #4" classname="Validating Array Page" time="0.672">
    <system-out><![CDATA[
@array @TS_array_09
Scenario: The user is navigate to practice questions page                                        # src/test/resources/features/DS05_Array.feature:119
  Given The user is on pactice question page after logged in                                     # stepDefinition.Array_SD.the_user_is_on_pactice_question_page_after_logged_in()
  When The user click on Find Numbers with Even Number of Digits link                            # stepDefinition.Array_SD.the_user_click_on_find_numbers_with_even_number_of_digits_link()
[INFO ]2023-12-1817:47:49.333[main]utilities.LoggerLoad1]-User is redirected to Questions page having a Try Editor with Run button and Submit buttons
[INFO ]2023-12-1817:47:49.349[main]utilities.LoggerLoad1]-Page Title is Assessment
  Then The user is redirected to Questions page contains a tryEditor with Run and Submit buttons # stepDefinition.Array_SD.the_user_is_redirected_to_questions_page_contains_a_try_editor_with_run_and_submit_buttons()
]]></system-out>
  </testcase>
  <testcase name="The user is navigate to practice questions page #5" classname="Validating Array Page" time="0.578">
    <system-out><![CDATA[
@array @TS_array_10
Scenario: The user is navigate to practice questions page                                        # src/test/resources/features/DS05_Array.feature:125
  Given The user is on pactice question page after logged in                                     # stepDefinition.Array_SD.the_user_is_on_pactice_question_page_after_logged_in()
  When The user click on Squares of a Sorted Array link                                          # stepDefinition.Array_SD.the_user_click_on_squares_of_a_sorted_array_link()
[INFO ]2023-12-1817:47:49.910[main]utilities.LoggerLoad1]-User is redirected to Questions page having a Try Editor with Run button and Submit buttons
[INFO ]2023-12-1817:47:49.926[main]utilities.LoggerLoad1]-Page Title is Assessment
  Then The user is redirected to Questions page contains a tryEditor with Run and Submit buttons # stepDefinition.Array_SD.the_user_is_redirected_to_questions_page_contains_a_try_editor_with_run_and_submit_buttons()
]]></system-out>
  </testcase>
  <testcase name="The user is navigate to linkedlist page" classname="Validating Linked List Page" time="1.792">
    <system-out><![CDATA[
@link @TS_linked_01
Scenario: The user is navigate to linkedlist page            # src/test/resources/features/DS06_Linked.feature:5
  Given The user is on login page                            # stepDefinition.Login_SD.the_user_is_on_login_page()
  When The user enter "Numpy" and "testuser01"               # stepDefinition.Login_SD.the_user_enter_and(java.lang.String,java.lang.String)
[INFO ]2023-12-1817:47:51.307[main]utilities.LoggerLoad1]-Numpy
  Then The user should be redirected to home page as "Numpy" # stepDefinition.Login_SD.the_user_should_be_redirected_to_home_page_as(java.lang.String)
  When The user click get started in linked panel            # stepDefinition.Linked_SD.the_user_click_get_started_in_linked_panel()
[INFO ]2023-12-1817:47:51.740[main]utilities.LoggerLoad1]-Linked List
  Then The user redirected to "Linked List" page             # stepDefinition.DataStructure_SD.the_user_redirected_to_page(java.lang.String)
]]></system-out>
  </testcase>
  <testcase name="The user is navigate to introduction page" classname="Validating Linked List Page" time="1.29">
    <system-out><![CDATA[
@link @TS_linked_02
Scenario: The user is navigate to introduction page  # src/test/resources/features/DS06_Linked.feature:13
  Given The user is on linkedlist page               # stepDefinition.Linked_SD.the_user_is_on_linkedlist_page()
  When The user click on "introduction" link         # stepDefinition.Tree_SD.the_user_click_on_link(java.lang.String)
[INFO ]2023-12-1817:47:51.993[main]utilities.LoggerLoad1]-Actual :Linked List
[INFO ]2023-12-1817:47:51.993[main]utilities.LoggerLoad1]-Expected: Linked List
  Then The user is redirected to "Linked List" page  # stepDefinition.Tree_SD.the_user_is_redirected_to_page(java.lang.String)
  When The user click "introduction" link            # stepDefinition.Linked_SD.the_user_click_link(java.lang.String)
[INFO ]2023-12-1817:47:52.476[main]utilities.LoggerLoad1]-Actual :Introduction
[INFO ]2023-12-1817:47:52.477[main]utilities.LoggerLoad1]-Expected: Introduction
  Then The user is redirected to "Introduction" page # stepDefinition.Tree_SD.the_user_is_redirected_to_page(java.lang.String)
  When The user click try here button                # stepDefinition.Tree_SD.the_user_click_try_here_button()
[INFO ]2023-12-1817:47:53.007[main]utilities.LoggerLoad1]-Actual :Assessment
[INFO ]2023-12-1817:47:53.007[main]utilities.LoggerLoad1]-Expected: Assessment
  Then The user is redirected to "Assessment" page   # stepDefinition.Tree_SD.the_user_is_redirected_to_page(java.lang.String)
]]></system-out>
  </testcase>
  <testcase name="The user submits python code #1" classname="Validating Linked List Page" time="0.769">
    <system-out><![CDATA[
@link
Scenario Outline: The user submits python code                  # src/test/resources/features/DS06_Linked.feature:29
[INFO ]2023-12-1817:47:53.140[main]utilities.LoggerLoad1]-EXPECTED:hello
[INFO ]2023-12-1817:47:53.457[main]utilities.LoggerLoad1]-ENTERING INPUT:print"hello"
  When The user enter the python code from sheet "Sheet2" and 0 # stepDefinition.DataStructure_SD.the_user_enter_the_sheet_and(java.lang.String,java.lang.Integer)
  And The user click run button                                 # stepDefinition.DataStructure_SD.the_user_click_run_button()
[INFO ]2023-12-1817:47:53.691[main]utilities.LoggerLoad1]-elementToCheck:outputtext
[INFO ]2023-12-1817:47:53.773[main]utilities.LoggerLoad1]-hello
[INFO ]2023-12-1817:47:53.795[main]utilities.LoggerLoad1]-hello
[INFO ]2023-12-1817:47:53.795[main]utilities.LoggerLoad1]-EXPECTED:hello
[INFO ]2023-12-1817:47:53.795[main]utilities.LoggerLoad1]-ACTUAL:hello
  Then The user should see the expected output                  # stepDefinition.DataStructure_SD.the_user_should_see_the_expected_output()
]]></system-out>
  </testcase>
  <testcase name="The user is navigate to creating linked lIst page" classname="Validating Linked List Page" time="1.078">
    <system-out><![CDATA[
@link @TS_linked_03
Scenario: The user is navigate to creating linked lIst page  # src/test/resources/features/DS06_Linked.feature:32
  Given The user is on linkedlist page                       # stepDefinition.Linked_SD.the_user_is_on_linkedlist_page()
  When The user click on "creatinglinkedlist" link           # stepDefinition.Tree_SD.the_user_click_on_link(java.lang.String)
[INFO ]2023-12-1817:47:54.077[main]utilities.LoggerLoad1]-Actual :Linked List
[INFO ]2023-12-1817:47:54.078[main]utilities.LoggerLoad1]-Expected: Linked List
  Then The user is redirected to "Linked List" page          # stepDefinition.Tree_SD.the_user_is_redirected_to_page(java.lang.String)
  When The user click "creatinglinkedlist" link              # stepDefinition.Linked_SD.the_user_click_link(java.lang.String)
[INFO ]2023-12-1817:47:54.416[main]utilities.LoggerLoad1]-Actual :Creating Linked LIst
[INFO ]2023-12-1817:47:54.416[main]utilities.LoggerLoad1]-Expected: Creating Linked LIst
  Then The user is redirected to "Creating Linked LIst" page # stepDefinition.Tree_SD.the_user_is_redirected_to_page(java.lang.String)
  When The user click try here button                        # stepDefinition.Tree_SD.the_user_click_try_here_button()
[INFO ]2023-12-1817:47:54.859[main]utilities.LoggerLoad1]-Actual :Assessment
[INFO ]2023-12-1817:47:54.860[main]utilities.LoggerLoad1]-Expected: Assessment
  Then The user is redirected to "Assessment" page           # stepDefinition.Tree_SD.the_user_is_redirected_to_page(java.lang.String)
]]></system-out>
  </testcase>
  <testcase name="The user submits python code #2" classname="Validating Linked List Page" time="0.676">
    <system-out><![CDATA[
@link
Scenario Outline: The user submits python code                  # src/test/resources/features/DS06_Linked.feature:48
[INFO ]2023-12-1817:47:54.944[main]utilities.LoggerLoad1]-EXPECTED:hello
[INFO ]2023-12-1817:47:55.219[main]utilities.LoggerLoad1]-ENTERING INPUT:print"hello"
  When The user enter the python code from sheet "Sheet2" and 0 # stepDefinition.DataStructure_SD.the_user_enter_the_sheet_and(java.lang.String,java.lang.Integer)
  And The user click run button                                 # stepDefinition.DataStructure_SD.the_user_click_run_button()
[INFO ]2023-12-1817:47:55.426[main]utilities.LoggerLoad1]-elementToCheck:outputtext
[INFO ]2023-12-1817:47:55.524[main]utilities.LoggerLoad1]-hello
[INFO ]2023-12-1817:47:55.551[main]utilities.LoggerLoad1]-hello
[INFO ]2023-12-1817:47:55.551[main]utilities.LoggerLoad1]-EXPECTED:hello
[INFO ]2023-12-1817:47:55.552[main]utilities.LoggerLoad1]-ACTUAL:hello
  Then The user should see the expected output                  # stepDefinition.DataStructure_SD.the_user_should_see_the_expected_output()
]]></system-out>
  </testcase>
  <testcase name="The user is navigate to types-of-linked-list page" classname="Validating Linked List Page" time="1.236">
    <system-out><![CDATA[
@link @TS_linked_04
Scenario: The user is navigate to types-of-linked-list page  # src/test/resources/features/DS06_Linked.feature:51
  Given The user is on linkedlist page                       # stepDefinition.Linked_SD.the_user_is_on_linkedlist_page()
  When The user click on "typesoflinkedlist" link            # stepDefinition.Tree_SD.the_user_click_on_link(java.lang.String)
[INFO ]2023-12-1817:47:55.967[main]utilities.LoggerLoad1]-Actual :Linked List
[INFO ]2023-12-1817:47:55.967[main]utilities.LoggerLoad1]-Expected: Linked List
  Then The user is redirected to "Linked List" page          # stepDefinition.Tree_SD.the_user_is_redirected_to_page(java.lang.String)
  When The user click "typesoflinkedlist" link               # stepDefinition.Linked_SD.the_user_click_link(java.lang.String)
[INFO ]2023-12-1817:47:56.327[main]utilities.LoggerLoad1]-Actual :Types of Linked List
[INFO ]2023-12-1817:47:56.327[main]utilities.LoggerLoad1]-Expected: Types of Linked List
  Then The user is redirected to "Types of Linked List" page # stepDefinition.Tree_SD.the_user_is_redirected_to_page(java.lang.String)
  When The user click try here button                        # stepDefinition.Tree_SD.the_user_click_try_here_button()
[INFO ]2023-12-1817:47:56.786[main]utilities.LoggerLoad1]-Actual :Assessment
[INFO ]2023-12-1817:47:56.786[main]utilities.LoggerLoad1]-Expected: Assessment
  Then The user is redirected to "Assessment" page           # stepDefinition.Tree_SD.the_user_is_redirected_to_page(java.lang.String)
]]></system-out>
  </testcase>
  <testcase name="The user submits python code #3" classname="Validating Linked List Page" time="0.663">
    <system-out><![CDATA[
@link
Scenario Outline: The user submits python code                  # src/test/resources/features/DS06_Linked.feature:67
[INFO ]2023-12-1817:47:56.847[main]utilities.LoggerLoad1]-EXPECTED:NameError: name 'hello' is not defined on line 1
[INFO ]2023-12-1817:47:57.176[main]utilities.LoggerLoad1]-ENTERING INPUT:hello
  When The user enter the python code from sheet "Sheet2" and 1 # stepDefinition.DataStructure_SD.the_user_enter_the_sheet_and(java.lang.String,java.lang.Integer)
  And The user click run button                                 # stepDefinition.DataStructure_SD.the_user_click_run_button()
[INFO ]2023-12-1817:47:57.408[main]utilities.LoggerLoad1]-elementToCheck:alerttext
[INFO ]2023-12-1817:47:57.450[main]utilities.LoggerLoad1]-EXPECTED:NameError: name 'hello' is not defined on line 1
[INFO ]2023-12-1817:47:57.450[main]utilities.LoggerLoad1]-ACTUAL:NameError: name 'hello' is not defined on line 1
  Then The user should see the expected output                  # stepDefinition.DataStructure_SD.the_user_should_see_the_expected_output()
]]></system-out>
  </testcase>
  <testcase name="The user is navigate to implement-linked-list-in-python page" classname="Validating Linked List Page" time="1.149">
    <system-out><![CDATA[
@link @TS_linked_05
Scenario: The user is navigate to implement-linked-list-in-python page  # src/test/resources/features/DS06_Linked.feature:70
  Given The user is on linkedlist page                                  # stepDefinition.Linked_SD.the_user_is_on_linkedlist_page()
  When The user click on "implementlinkedlistinpython" link             # stepDefinition.Tree_SD.the_user_click_on_link(java.lang.String)
[INFO ]2023-12-1817:47:57.725[main]utilities.LoggerLoad1]-Actual :Linked List
[INFO ]2023-12-1817:47:57.726[main]utilities.LoggerLoad1]-Expected: Linked List
  Then The user is redirected to "Linked List" page                     # stepDefinition.Tree_SD.the_user_is_redirected_to_page(java.lang.String)
  When The user click "implementlinkedlistinpython" link                # stepDefinition.Linked_SD.the_user_click_link(java.lang.String)
[INFO ]2023-12-1817:47:58.236[main]utilities.LoggerLoad1]-Actual :Implement Linked List in Python
[INFO ]2023-12-1817:47:58.236[main]utilities.LoggerLoad1]-Expected: Implement Linked List in Python
  Then The user is redirected to "Implement Linked List in Python" page # stepDefinition.Tree_SD.the_user_is_redirected_to_page(java.lang.String)
  When The user click try here button                                   # stepDefinition.Tree_SD.the_user_click_try_here_button()
[INFO ]2023-12-1817:47:58.596[main]utilities.LoggerLoad1]-Actual :Assessment
[INFO ]2023-12-1817:47:58.596[main]utilities.LoggerLoad1]-Expected: Assessment
  Then The user is redirected to "Assessment" page                      # stepDefinition.Tree_SD.the_user_is_redirected_to_page(java.lang.String)
]]></system-out>
  </testcase>
  <testcase name="The user submits python code #4" classname="Validating Linked List Page" time="0.632">
    <system-out><![CDATA[
@link
Scenario Outline: The user submits python code                  # src/test/resources/features/DS06_Linked.feature:86
[INFO ]2023-12-1817:47:58.691[main]utilities.LoggerLoad1]-EXPECTED:NameError: name 'hello' is not defined on line 1
[INFO ]2023-12-1817:47:58.989[main]utilities.LoggerLoad1]-ENTERING INPUT:hello
  When The user enter the python code from sheet "Sheet2" and 1 # stepDefinition.DataStructure_SD.the_user_enter_the_sheet_and(java.lang.String,java.lang.Integer)
  And The user click run button                                 # stepDefinition.DataStructure_SD.the_user_click_run_button()
[INFO ]2023-12-1817:47:59.186[main]utilities.LoggerLoad1]-elementToCheck:alerttext
[INFO ]2023-12-1817:47:59.233[main]utilities.LoggerLoad1]-EXPECTED:NameError: name 'hello' is not defined on line 1
[INFO ]2023-12-1817:47:59.234[main]utilities.LoggerLoad1]-ACTUAL:NameError: name 'hello' is not defined on line 1
  Then The user should see the expected output                  # stepDefinition.DataStructure_SD.the_user_should_see_the_expected_output()
]]></system-out>
  </testcase>
  <testcase name="The user is navigate to traversal page" classname="Validating Linked List Page" time="1.007">
    <system-out><![CDATA[
@link @TS_linked_06
Scenario: The user is navigate to traversal page    # src/test/resources/features/DS06_Linked.feature:89
  Given The user is on linkedlist page              # stepDefinition.Linked_SD.the_user_is_on_linkedlist_page()
  When The user click on "traversal" link           # stepDefinition.Tree_SD.the_user_click_on_link(java.lang.String)
[INFO ]2023-12-1817:47:59.454[main]utilities.LoggerLoad1]-Actual :Linked List
[INFO ]2023-12-1817:47:59.454[main]utilities.LoggerLoad1]-Expected: Linked List
  Then The user is redirected to "Linked List" page # stepDefinition.Tree_SD.the_user_is_redirected_to_page(java.lang.String)
  When The user click "traversal" link              # stepDefinition.Linked_SD.the_user_click_link(java.lang.String)
[INFO ]2023-12-1817:47:59.838[main]utilities.LoggerLoad1]-Actual :Traversal
[INFO ]2023-12-1817:47:59.838[main]utilities.LoggerLoad1]-Expected: Traversal
  Then The user is redirected to "Traversal" page   # stepDefinition.Tree_SD.the_user_is_redirected_to_page(java.lang.String)
  When The user click try here button               # stepDefinition.Tree_SD.the_user_click_try_here_button()
[INFO ]2023-12-1817:48:00.229[main]utilities.LoggerLoad1]-Actual :Assessment
[INFO ]2023-12-1817:48:00.230[main]utilities.LoggerLoad1]-Expected: Assessment
  Then The user is redirected to "Assessment" page  # stepDefinition.Tree_SD.the_user_is_redirected_to_page(java.lang.String)
]]></system-out>
  </testcase>
  <testcase name="The user submits python code #5" classname="Validating Linked List Page" time="0.507">
    <system-out><![CDATA[
@link
Scenario Outline: The user submits python code                  # src/test/resources/features/DS06_Linked.feature:105
[INFO ]2023-12-1817:48:00.306[main]utilities.LoggerLoad1]-EXPECTED:NameError: name 'hello' is not defined on line 1
[INFO ]2023-12-1817:48:00.535[main]utilities.LoggerLoad1]-ENTERING INPUT:hello
  When The user enter the python code from sheet "Sheet2" and 1 # stepDefinition.DataStructure_SD.the_user_enter_the_sheet_and(java.lang.String,java.lang.Integer)
  And The user click run button                                 # stepDefinition.DataStructure_SD.the_user_click_run_button()
[INFO ]2023-12-1817:48:00.719[main]utilities.LoggerLoad1]-elementToCheck:alerttext
[INFO ]2023-12-1817:48:00.739[main]utilities.LoggerLoad1]-EXPECTED:NameError: name 'hello' is not defined on line 1
[INFO ]2023-12-1817:48:00.739[main]utilities.LoggerLoad1]-ACTUAL:NameError: name 'hello' is not defined on line 1
  Then The user should see the expected output                  # stepDefinition.DataStructure_SD.the_user_should_see_the_expected_output()
]]></system-out>
  </testcase>
  <testcase name="The user is navigate to insertion-in-linked-list page" classname="Validating Linked List Page" time="1.114">
    <system-out><![CDATA[
@link @TS_linked_07
Scenario: The user is navigate to insertion-in-linked-list page # src/test/resources/features/DS06_Linked.feature:108
  Given The user is on linkedlist page                          # stepDefinition.Linked_SD.the_user_is_on_linkedlist_page()
  When The user click on "insertioninlinkedlist" link           # stepDefinition.Tree_SD.the_user_click_on_link(java.lang.String)
[INFO ]2023-12-1817:48:01.002[main]utilities.LoggerLoad1]-Actual :Linked List
[INFO ]2023-12-1817:48:01.002[main]utilities.LoggerLoad1]-Expected: Linked List
  Then The user is redirected to "Linked List" page             # stepDefinition.Tree_SD.the_user_is_redirected_to_page(java.lang.String)
  When The user click "insertioninlinkedlist" link              # stepDefinition.Linked_SD.the_user_click_link(java.lang.String)
[INFO ]2023-12-1817:48:01.418[main]utilities.LoggerLoad1]-Actual :Insertion
[INFO ]2023-12-1817:48:01.418[main]utilities.LoggerLoad1]-Expected: Insertion
  Then The user is redirected to "Insertion" page               # stepDefinition.Tree_SD.the_user_is_redirected_to_page(java.lang.String)
  When The user click try here button                           # stepDefinition.Tree_SD.the_user_click_try_here_button()
[INFO ]2023-12-1817:48:01.852[main]utilities.LoggerLoad1]-Actual :Assessment
[INFO ]2023-12-1817:48:01.852[main]utilities.LoggerLoad1]-Expected: Assessment
  Then The user is redirected to "Assessment" page              # stepDefinition.Tree_SD.the_user_is_redirected_to_page(java.lang.String)
]]></system-out>
  </testcase>
  <testcase name="The user submits python code #6" classname="Validating Linked List Page" time="0.591">
    <system-out><![CDATA[
@link
Scenario Outline: The user submits python code                  # src/test/resources/features/DS06_Linked.feature:124
[INFO ]2023-12-1817:48:01.936[main]utilities.LoggerLoad1]-EXPECTED:NameError: name 'hello' is not defined on line 1
[INFO ]2023-12-1817:48:02.212[main]utilities.LoggerLoad1]-ENTERING INPUT:hello
  When The user enter the python code from sheet "Sheet2" and 1 # stepDefinition.DataStructure_SD.the_user_enter_the_sheet_and(java.lang.String,java.lang.Integer)
  And The user click run button                                 # stepDefinition.DataStructure_SD.the_user_click_run_button()
[INFO ]2023-12-1817:48:02.392[main]utilities.LoggerLoad1]-elementToCheck:alerttext
[INFO ]2023-12-1817:48:02.446[main]utilities.LoggerLoad1]-EXPECTED:NameError: name 'hello' is not defined on line 1
[INFO ]2023-12-1817:48:02.447[main]utilities.LoggerLoad1]-ACTUAL:NameError: name 'hello' is not defined on line 1
  Then The user should see the expected output                  # stepDefinition.DataStructure_SD.the_user_should_see_the_expected_output()
]]></system-out>
  </testcase>
  <testcase name="The user is navigate to deletion-in-linked-list page" classname="Validating Linked List Page" time="1.156">
    <system-out><![CDATA[
@link @TS_linked_08
Scenario: The user is navigate to deletion-in-linked-list page # src/test/resources/features/DS06_Linked.feature:127
  Given The user is on linkedlist page                         # stepDefinition.Linked_SD.the_user_is_on_linkedlist_page()
  When The user click on "deletioninlinkedlist" link           # stepDefinition.Tree_SD.the_user_click_on_link(java.lang.String)
[INFO ]2023-12-1817:48:02.734[main]utilities.LoggerLoad1]-Actual :Linked List
[INFO ]2023-12-1817:48:02.734[main]utilities.LoggerLoad1]-Expected: Linked List
  Then The user is redirected to "Linked List" page            # stepDefinition.Tree_SD.the_user_is_redirected_to_page(java.lang.String)
  When The user click "deletioninlinkedlist" link              # stepDefinition.Linked_SD.the_user_click_link(java.lang.String)
[INFO ]2023-12-1817:48:03.166[main]utilities.LoggerLoad1]-Actual :Deletion
[INFO ]2023-12-1817:48:03.166[main]utilities.LoggerLoad1]-Expected: Deletion
  Then The user is redirected to "Deletion" page               # stepDefinition.Tree_SD.the_user_is_redirected_to_page(java.lang.String)
  When The user click try here button                          # stepDefinition.Tree_SD.the_user_click_try_here_button()
[INFO ]2023-12-1817:48:03.604[main]utilities.LoggerLoad1]-Actual :Assessment
[INFO ]2023-12-1817:48:03.606[main]utilities.LoggerLoad1]-Expected: Assessment
  Then The user is redirected to "Assessment" page             # stepDefinition.Tree_SD.the_user_is_redirected_to_page(java.lang.String)
]]></system-out>
  </testcase>
  <testcase name="The user submits python code #7" classname="Validating Linked List Page" time="0.616">
    <system-out><![CDATA[
@link
Scenario Outline: The user submits python code                  # src/test/resources/features/DS06_Linked.feature:143
[INFO ]2023-12-1817:48:03.715[main]utilities.LoggerLoad1]-EXPECTED:NameError: name 'hello' is not defined on line 1
[INFO ]2023-12-1817:48:04.045[main]utilities.LoggerLoad1]-ENTERING INPUT:hello
  When The user enter the python code from sheet "Sheet2" and 1 # stepDefinition.DataStructure_SD.the_user_enter_the_sheet_and(java.lang.String,java.lang.Integer)
  And The user click run button                                 # stepDefinition.DataStructure_SD.the_user_click_run_button()
[INFO ]2023-12-1817:48:04.206[main]utilities.LoggerLoad1]-elementToCheck:alerttext
[INFO ]2023-12-1817:48:04.218[main]utilities.LoggerLoad1]-EXPECTED:NameError: name 'hello' is not defined on line 1
[INFO ]2023-12-1817:48:04.218[main]utilities.LoggerLoad1]-ACTUAL:NameError: name 'hello' is not defined on line 1
  Then The user should see the expected output                  # stepDefinition.DataStructure_SD.the_user_should_see_the_expected_output()
]]></system-out>
  </testcase>
  <testcase name="The user is navigate to Stack page" classname="Validating Stack Page" time="1.777">
    <system-out><![CDATA[
@stack @TS_stack_01
Scenario: The user is navigate to Stack page                 # src/test/resources/features/DS07_Stack.feature:5
  Given The user is on login page                            # stepDefinition.Login_SD.the_user_is_on_login_page()
  When The user enter "Numpy" and "testuser01"               # stepDefinition.Login_SD.the_user_enter_and(java.lang.String,java.lang.String)
[INFO ]2023-12-1817:48:05.578[main]utilities.LoggerLoad1]-Numpy
  Then The user should be redirected to home page as "Numpy" # stepDefinition.Login_SD.the_user_should_be_redirected_to_home_page_as(java.lang.String)
  When The user click get started on "Stack" page            # stepDefinition.Stack_SD.the_user_click_get_started_on_page(java.lang.String)
[INFO ]2023-12-1817:48:06.005[main]utilities.LoggerLoad1]-Stack
  Then The user redirected to "Stack" page                   # stepDefinition.DataStructure_SD.the_user_redirected_to_page(java.lang.String)
]]></system-out>
  </testcase>
  <testcase name="User verifies Operations in Stack link" classname="Validating Stack Page" time="0.966">
    <system-out><![CDATA[
@stack @TS_stack_02
Scenario: User verifies Operations in Stack link     # src/test/resources/features/DS07_Stack.feature:13
  Given User is in the Stack Page after logged in    # stepDefinition.Stack_SD.user_is_in_the_stack_page_after_logged_in()
  When User clicks on the Operations in Stack link   # stepDefinition.Stack_SD.user_clicks_on_the_operations_in_stack_link()
  Then User redirected to "Operations in Stack" page # stepDefinition.Queue_SD.user_redirected_to_page(java.lang.String)
  When The user click try here button                # stepDefinition.Tree_SD.the_user_click_try_here_button()
[INFO ]2023-12-1817:48:06.974[main]utilities.LoggerLoad1]-Actual :Assessment
[INFO ]2023-12-1817:48:06.974[main]utilities.LoggerLoad1]-Expected: Assessment
  Then The user is redirected to "Assessment" page   # stepDefinition.Tree_SD.the_user_is_redirected_to_page(java.lang.String)
]]></system-out>
  </testcase>
  <testcase name="The user submits python code #1" classname="Validating Stack Page" time="0.766">
    <system-out><![CDATA[
@stack
Scenario Outline: The user submits python code                  # src/test/resources/features/DS07_Stack.feature:27
[INFO ]2023-12-1817:48:07.097[main]utilities.LoggerLoad1]-EXPECTED:hello
[INFO ]2023-12-1817:48:07.427[main]utilities.LoggerLoad1]-ENTERING INPUT:print"hello"
  When The user enter the python code from sheet "Sheet2" and 0 # stepDefinition.DataStructure_SD.the_user_enter_the_sheet_and(java.lang.String,java.lang.Integer)
  And The user click run button                                 # stepDefinition.DataStructure_SD.the_user_click_run_button()
[INFO ]2023-12-1817:48:07.666[main]utilities.LoggerLoad1]-elementToCheck:outputtext
[INFO ]2023-12-1817:48:07.713[main]utilities.LoggerLoad1]-hello
[INFO ]2023-12-1817:48:07.738[main]utilities.LoggerLoad1]-hello
[INFO ]2023-12-1817:48:07.739[main]utilities.LoggerLoad1]-EXPECTED:hello
[INFO ]2023-12-1817:48:07.739[main]utilities.LoggerLoad1]-ACTUAL:hello
  Then The user should see the expected output                  # stepDefinition.DataStructure_SD.the_user_should_see_the_expected_output()
]]></system-out>
  </testcase>
  <testcase name="The user submits python code #2" classname="Validating Stack Page" time="0.602">
    <system-out><![CDATA[
@stack
Scenario Outline: The user submits python code                  # src/test/resources/features/DS07_Stack.feature:28
[INFO ]2023-12-1817:48:07.786[main]utilities.LoggerLoad1]-EXPECTED:NameError: name 'hello' is not defined on line 1
[INFO ]2023-12-1817:48:08.059[main]utilities.LoggerLoad1]-ENTERING INPUT:hello
  When The user enter the python code from sheet "Sheet2" and 1 # stepDefinition.DataStructure_SD.the_user_enter_the_sheet_and(java.lang.String,java.lang.Integer)
  And The user click run button                                 # stepDefinition.DataStructure_SD.the_user_click_run_button()
[INFO ]2023-12-1817:48:08.292[main]utilities.LoggerLoad1]-elementToCheck:alerttext
[INFO ]2023-12-1817:48:08.342[main]utilities.LoggerLoad1]-EXPECTED:NameError: name 'hello' is not defined on line 1
[INFO ]2023-12-1817:48:08.342[main]utilities.LoggerLoad1]-ACTUAL:NameError: name 'hello' is not defined on line 1
  Then The user should see the expected output                  # stepDefinition.DataStructure_SD.the_user_should_see_the_expected_output()
]]></system-out>
  </testcase>
  <testcase name="User verifies Implementation link" classname="Validating Stack Page" time="0.998">
    <system-out><![CDATA[
@stack @TS_stack_03
Scenario: User verifies Implementation link        # src/test/resources/features/DS07_Stack.feature:31
  Given User is in the Stack Page after logged in  # stepDefinition.Stack_SD.user_is_in_the_stack_page_after_logged_in()
  When User clicks on the Implementation link      # stepDefinition.Stack_SD.user_clicks_on_the_implementation_link()
  Then User redirected to "Implementation" page    # stepDefinition.Queue_SD.user_redirected_to_page(java.lang.String)
  When The user click try here button              # stepDefinition.Tree_SD.the_user_click_try_here_button()
[INFO ]2023-12-1817:48:09.336[main]utilities.LoggerLoad1]-Actual :Assessment
[INFO ]2023-12-1817:48:09.336[main]utilities.LoggerLoad1]-Expected: Assessment
  Then The user is redirected to "Assessment" page # stepDefinition.Tree_SD.the_user_is_redirected_to_page(java.lang.String)
]]></system-out>
  </testcase>
  <testcase name="The user submits python code #3" classname="Validating Stack Page" time="0.675">
    <system-out><![CDATA[
@stack
[...]
  When The user click on "binarytreetraversals" link           # stepDefinition.Tree_SD.the_user_click_on_link(java.lang.String)
[INFO ]2023-12-1817:48:42.471[main]utilities.LoggerLoad1]-Actual :Binary Tree Traversals
[INFO ]2023-12-1817:48:42.471[main]utilities.LoggerLoad1]-Expected: Binary Tree Traversals
  Then The user is redirected to "Binary Tree Traversals" page # stepDefinition.Tree_SD.the_user_is_redirected_to_page(java.lang.String)
  When The user click try here button                          # stepDefinition.Tree_SD.the_user_click_try_here_button()
[INFO ]2023-12-1817:48:42.928[main]utilities.LoggerLoad1]-Assessment
  Then The user redirected to "Assessment" page                # stepDefinition.DataStructure_SD.the_user_redirected_to_page(java.lang.String)
]]></system-out>
  </testcase>
  <testcase name="The user submits python code #11" classname="Validating Tree Page" time="0.658">
    <system-out><![CDATA[
@tree
Scenario Outline: The user submits python code                  # src/test/resources/features/DS09_Tree.feature:165
[INFO ]2023-12-1817:48:42.974[main]utilities.LoggerLoad1]-EXPECTED:hello
[INFO ]2023-12-1817:48:43.230[main]utilities.LoggerLoad1]-ENTERING INPUT:print"hello"
  When The user enter the python code from sheet "Sheet2" and 0 # stepDefinition.DataStructure_SD.the_user_enter_the_sheet_and(java.lang.String,java.lang.Integer)
  And The user click run button                                 # stepDefinition.DataStructure_SD.the_user_click_run_button()
[INFO ]2023-12-1817:48:43.485[main]utilities.LoggerLoad1]-elementToCheck:outputtext
[INFO ]2023-12-1817:48:43.553[main]utilities.LoggerLoad1]-hello
[INFO ]2023-12-1817:48:43.584[main]utilities.LoggerLoad1]-hello
[INFO ]2023-12-1817:48:43.584[main]utilities.LoggerLoad1]-EXPECTED:hello
[INFO ]2023-12-1817:48:43.584[main]utilities.LoggerLoad1]-ACTUAL:hello
  Then The user should see the expected output                  # stepDefinition.DataStructure_SD.the_user_should_see_the_expected_output()
]]></system-out>
  </testcase>
  <testcase name="The user is validating the implementation-of-binary-trees" classname="Validating Tree Page" time="1.061">
    <system-out><![CDATA[
@tree @Ts_tree_11
Scenario: The user is validating the implementation-of-binary-trees    # src/test/resources/features/DS09_Tree.feature:168
  Given The user is on tree page                                       # stepDefinition.Tree_SD.the_user_is_on_tree_page()
  When The user click on "implementationofbinarytrees" link            # stepDefinition.Tree_SD.the_user_click_on_link(java.lang.String)
[INFO ]2023-12-1817:48:44.238[main]utilities.LoggerLoad1]-Actual :Implementation of Binary Trees
[INFO ]2023-12-1817:48:44.238[main]utilities.LoggerLoad1]-Expected: Implementation of Binary Trees
  Then The user is redirected to "Implementation of Binary Trees" page # stepDefinition.Tree_SD.the_user_is_redirected_to_page(java.lang.String)
  When The user click try here button                                  # stepDefinition.Tree_SD.the_user_click_try_here_button()
[INFO ]2023-12-1817:48:44.645[main]utilities.LoggerLoad1]-Assessment
  Then The user redirected to "Assessment" page                        # stepDefinition.DataStructure_SD.the_user_redirected_to_page(java.lang.String)
]]></system-out>
  </testcase>
  <testcase name="The user submits python code #12" classname="Validating Tree Page" time="0.831">
    <system-out><![CDATA[
@tree
Scenario Outline: The user submits python code                  # src/test/resources/features/DS09_Tree.feature:182
[INFO ]2023-12-1817:48:44.724[main]utilities.LoggerLoad1]-EXPECTED:hello
[INFO ]2023-12-1817:48:45.038[main]utilities.LoggerLoad1]-ENTERING INPUT:print"hello"
  When The user enter the python code from sheet "Sheet2" and 0 # stepDefinition.DataStructure_SD.the_user_enter_the_sheet_and(java.lang.String,java.lang.Integer)
  And The user click run button                                 # stepDefinition.DataStructure_SD.the_user_click_run_button()
[INFO ]2023-12-1817:48:45.384[main]utilities.LoggerLoad1]-elementToCheck:outputtext
[INFO ]2023-12-1817:48:45.444[main]utilities.LoggerLoad1]-hello
[INFO ]2023-12-1817:48:45.482[main]utilities.LoggerLoad1]-hello
[INFO ]2023-12-1817:48:45.482[main]utilities.LoggerLoad1]-EXPECTED:hello
[INFO ]2023-12-1817:48:45.482[main]utilities.LoggerLoad1]-ACTUAL:hello
  Then The user should see the expected output                  # stepDefinition.DataStructure_SD.the_user_should_see_the_expected_output()
]]></system-out>
  </testcase>
  <testcase name="The user is validating the applications-of-binary-trees" classname="Validating Tree Page" time="1.658">
    <system-out><![CDATA[
@tree @Ts_tree_12
Scenario: The user is validating the applications-of-binary-trees    # src/test/resources/features/DS09_Tree.feature:185
  Given The user is on tree page                                     # stepDefinition.Tree_SD.the_user_is_on_tree_page()
  When The user click on "applicationsofbinarytrees" link            # stepDefinition.Tree_SD.the_user_click_on_link(java.lang.String)
[INFO ]2023-12-1817:48:46.421[main]utilities.LoggerLoad1]-Actual :Applications of Binary trees
[INFO ]2023-12-1817:48:46.421[main]utilities.LoggerLoad1]-Expected: Applications of Binary trees
  Then The user is redirected to "Applications of Binary trees" page # stepDefinition.Tree_SD.the_user_is_redirected_to_page(java.lang.String)
  When The user click try here button                                # stepDefinition.Tree_SD.the_user_click_try_here_button()
[INFO ]2023-12-1817:48:47.124[main]utilities.LoggerLoad1]-Assessment
  Then The user redirected to "Assessment" page                      # stepDefinition.DataStructure_SD.the_user_redirected_to_page(java.lang.String)
]]></system-out>
  </testcase>
  <testcase name="The user submits python code #13" classname="Validating Tree Page" time="0.764">
    <system-out><![CDATA[
@tree
Scenario Outline: The user submits python code                  # src/test/resources/features/DS09_Tree.feature:199
[INFO ]2023-12-1817:48:47.206[main]utilities.LoggerLoad1]-EXPECTED:hello
[INFO ]2023-12-1817:48:47.483[main]utilities.LoggerLoad1]-ENTERING INPUT:print"hello"
  When The user enter the python code from sheet "Sheet2" and 0 # stepDefinition.DataStructure_SD.the_user_enter_the_sheet_and(java.lang.String,java.lang.Integer)
  And The user click run button                                 # stepDefinition.DataStructure_SD.the_user_click_run_button()
[INFO ]2023-12-1817:48:47.808[main]utilities.LoggerLoad1]-elementToCheck:outputtext
[INFO ]2023-12-1817:48:47.864[main]utilities.LoggerLoad1]-hello
[INFO ]2023-12-1817:48:47.891[main]utilities.LoggerLoad1]-hello
[INFO ]2023-12-1817:48:47.891[main]utilities.LoggerLoad1]-EXPECTED:hello
[INFO ]2023-12-1817:48:47.891[main]utilities.LoggerLoad1]-ACTUAL:hello
  Then The user should see the expected output                  # stepDefinition.DataStructure_SD.the_user_should_see_the_expected_output()
]]></system-out>
  </testcase>
  <testcase name="The user is validating the binary-search-trees" classname="Validating Tree Page" time="1.714">
    <system-out><![CDATA[
@tree @Ts_tree_13
Scenario: The user is validating the binary-search-trees    # src/test/resources/features/DS09_Tree.feature:202
  Given The user is on tree page                            # stepDefinition.Tree_SD.the_user_is_on_tree_page()
  When The user click on "binarysearchtrees" link           # stepDefinition.Tree_SD.the_user_click_on_link(java.lang.String)
[INFO ]2023-12-1817:48:49.251[main]utilities.LoggerLoad1]-Actual :Binary Search Trees
[INFO ]2023-12-1817:48:49.251[main]utilities.LoggerLoad1]-Expected: Binary Search Trees
  Then The user is redirected to "Binary Search Trees" page # stepDefinition.Tree_SD.the_user_is_redirected_to_page(java.lang.String)
  When The user click try here button                       # stepDefinition.Tree_SD.the_user_click_try_here_button()
[INFO ]2023-12-1817:48:49.619[main]utilities.LoggerLoad1]-Assessment
  Then The user redirected to "Assessment" page             # stepDefinition.DataStructure_SD.the_user_redirected_to_page(java.lang.String)
]]></system-out>
  </testcase>
  <testcase name="The user submits python code #14" classname="Validating Tree Page" time="0.634">
    <system-out><![CDATA[
@tree
Scenario Outline: The user submits python code                  # src/test/resources/features/DS09_Tree.feature:216
[INFO ]2023-12-1817:48:49.656[main]utilities.LoggerLoad1]-EXPECTED:hello
[INFO ]2023-12-1817:48:49.936[main]utilities.LoggerLoad1]-ENTERING INPUT:print"hello"
  When The user enter the python code from sheet "Sheet2" and 0 # stepDefinition.DataStructure_SD.the_user_enter_the_sheet_and(java.lang.String,java.lang.Integer)
  And The user click run button                                 # stepDefinition.DataStructure_SD.the_user_click_run_button()
[INFO ]2023-12-1817:48:50.147[main]utilities.LoggerLoad1]-elementToCheck:outputtext
[INFO ]2023-12-1817:48:50.219[main]utilities.LoggerLoad1]-hello
[INFO ]2023-12-1817:48:50.244[main]utilities.LoggerLoad1]-hello
[INFO ]2023-12-1817:48:50.244[main]utilities.LoggerLoad1]-EXPECTED:hello
[INFO ]2023-12-1817:48:50.244[main]utilities.LoggerLoad1]-ACTUAL:hello
  Then The user should see the expected output                  # stepDefinition.DataStructure_SD.the_user_should_see_the_expected_output()
]]></system-out>
  </testcase>
  <testcase name="The user is validating the implementation-of-bst" classname="Validating Tree Page" time="1.648">
    <system-out><![CDATA[
@tree @Ts_tree_14
Scenario: The user is validating the implementation-of-bst    # src/test/resources/features/DS09_Tree.feature:219
  Given The user is on tree page                              # stepDefinition.Tree_SD.the_user_is_on_tree_page()
  When The user click on "implementationofbst" link           # stepDefinition.Tree_SD.the_user_click_on_link(java.lang.String)
[INFO ]2023-12-1817:48:51.312[main]utilities.LoggerLoad1]-Actual :Implementation Of BST
[INFO ]2023-12-1817:48:51.312[main]utilities.LoggerLoad1]-Expected: Implementation Of BST
  Then The user is redirected to "Implementation Of BST" page # stepDefinition.Tree_SD.the_user_is_redirected_to_page(java.lang.String)
  When The user click try here button                         # stepDefinition.Tree_SD.the_user_click_try_here_button()
[INFO ]2023-12-1817:48:51.898[main]utilities.LoggerLoad1]-Assessment
  Then The user redirected to "Assessment" page               # stepDefinition.DataStructure_SD.the_user_redirected_to_page(java.lang.String)
]]></system-out>
  </testcase>
  <testcase name="The user submits python code #15" classname="Validating Tree Page" time="0.811">
    <system-out><![CDATA[
@tree
Scenario Outline: The user submits python code                  # src/test/resources/features/DS09_Tree.feature:233
[INFO ]2023-12-1817:48:51.997[main]utilities.LoggerLoad1]-EXPECTED:hello
[INFO ]2023-12-1817:48:52.306[main]utilities.LoggerLoad1]-ENTERING INPUT:print"hello"
  When The user enter the python code from sheet "Sheet2" and 0 # stepDefinition.DataStructure_SD.the_user_enter_the_sheet_and(java.lang.String,java.lang.Integer)
  And The user click run button                                 # stepDefinition.DataStructure_SD.the_user_click_run_button()
[INFO ]2023-12-1817:48:52.616[main]utilities.LoggerLoad1]-elementToCheck:outputtext
[INFO ]2023-12-1817:48:52.683[main]utilities.LoggerLoad1]-hello
[INFO ]2023-12-1817:48:52.712[main]utilities.LoggerLoad1]-hello
[INFO ]2023-12-1817:48:52.712[main]utilities.LoggerLoad1]-EXPECTED:hello
[INFO ]2023-12-1817:48:52.712[main]utilities.LoggerLoad1]-ACTUAL:hello
  Then The user should see the expected output                  # stepDefinition.DataStructure_SD.the_user_should_see_the_expected_output()
]]></system-out>
  </testcase>
  <testcase name="The user is navigate to Graph page" classname="Validating Graph Page" time="1.492">
    <system-out><![CDATA[
@graph @TS_graph_01
Scenario: The user is navigate to Graph page                 # src/test/resources/features/DS10_Graph.feature:5
  Given The user is on login page                            # stepDefinition.Login_SD.the_user_is_on_login_page()
  When The user enter "Numpy" and "testuser01"               # stepDefinition.Login_SD.the_user_enter_and(java.lang.String,java.lang.String)
[INFO ]2023-12-1817:48:53.895[main]utilities.LoggerLoad1]-Numpy
  Then The user should be redirected to home page as "Numpy" # stepDefinition.Login_SD.the_user_should_be_redirected_to_home_page_as(java.lang.String)
  When The user click get started button on "Graph" page     # stepDefinition.Graph_SD.the_user_click_get_started_button_on_page(java.lang.String)
[INFO ]2023-12-1817:48:54.202[main]utilities.LoggerLoad1]-Graph
  Then The user redirected to "Graph" page                   # stepDefinition.DataStructure_SD.the_user_redirected_to_page(java.lang.String)
]]></system-out>
  </testcase>
  <testcase name="User verifies Graph link" classname="Validating Graph Page" time="0.906">
    <system-out><![CDATA[
@graph @TS_graph_02
Scenario: User verifies Graph link               # src/test/resources/features/DS10_Graph.feature:13
  Given The user is on graph page                # stepDefinition.Graph_SD.the_user_is_on_graph_page()
  When The user click "graph" link in Graph Page # stepDefinition.Graph_SD.the_user_click_link_in_Graph_Page(java.lang.String)
[INFO ]2023-12-1817:48:54.734[main]utilities.LoggerLoad1]-Graph
  Then The user redirected to "Graph" page       # stepDefinition.DataStructure_SD.the_user_redirected_to_page(java.lang.String)
  When The user click Try here button            # stepDefinition.DataStructure_SD.the_user_click_try_here_button()
[INFO ]2023-12-1817:48:55.111[main]utilities.LoggerLoad1]-Assessment
  Then The user redirected to "Assessment" page  # stepDefinition.DataStructure_SD.the_user_redirected_to_page(java.lang.String)
]]></system-out>
  </testcase>
  <testcase name="The user submits python code #1" classname="Validating Graph Page" time="0.689">
    <system-out><![CDATA[
@graph
Scenario Outline: The user submits python code                  # src/test/resources/features/DS10_Graph.feature:27
[INFO ]2023-12-1817:48:55.159[main]utilities.LoggerLoad1]-EXPECTED:hello
[INFO ]2023-12-1817:48:55.417[main]utilities.LoggerLoad1]-ENTERING INPUT:print"hello"
  When The user enter the python code from sheet "Sheet2" and 0 # stepDefinition.DataStructure_SD.the_user_enter_the_sheet_and(java.lang.String,java.lang.Integer)
  And The user click run button                                 # stepDefinition.DataStructure_SD.the_user_click_run_button()
[INFO ]2023-12-1817:48:55.721[main]utilities.LoggerLoad1]-elementToCheck:outputtext
[INFO ]2023-12-1817:48:55.775[main]utilities.LoggerLoad1]-hello
[INFO ]2023-12-1817:48:55.797[main]utilities.LoggerLoad1]-hello
[INFO ]2023-12-1817:48:55.797[main]utilities.LoggerLoad1]-EXPECTED:hello
[INFO ]2023-12-1817:48:55.797[main]utilities.LoggerLoad1]-ACTUAL:hello
  Then The user should see the expected output                  # stepDefinition.DataStructure_SD.the_user_should_see_the_expected_output()
]]></system-out>
  </testcase>
  <testcase name="The user submits python code #2" classname="Validating Graph Page" time="0.74">
    <system-out><![CDATA[
@graph
Scenario Outline: The user submits python code                  # src/test/resources/features/DS10_Graph.feature:28
[INFO ]2023-12-1817:48:55.823[main]utilities.LoggerLoad1]-EXPECTED:NameError: name 'hello' is not defined on line 1
[INFO ]2023-12-1817:48:56.331[main]utilities.LoggerLoad1]-ENTERING INPUT:hello
  When The user enter the python code from sheet "Sheet2" and 1 # stepDefinition.DataStructure_SD.the_user_enter_the_sheet_and(java.lang.String,java.lang.Integer)
  And The user click run button                                 # stepDefinition.DataStructure_SD.the_user_click_run_button()
[INFO ]2023-12-1817:48:56.499[main]utilities.LoggerLoad1]-elementToCheck:alerttext
[INFO ]2023-12-1817:48:56.533[main]utilities.LoggerLoad1]-EXPECTED:NameError: name 'hello' is not defined on line 1
[INFO ]2023-12-1817:48:56.533[main]utilities.LoggerLoad1]-ACTUAL:NameError: name 'hello' is not defined on line 1
  Then The user should see the expected output                  # stepDefinition.DataStructure_SD.the_user_should_see_the_expected_output()
]]></system-out>
  </testcase>
  <testcase name="User verifies Graph Representations link" classname="Validating Graph Page" time="1.261">
    <system-out><![CDATA[
@graph @TS_graph_03
Scenario: User verifies Graph Representations link               # src/test/resources/features/DS10_Graph.feature:31
  Given The user is on graph page                                # stepDefinition.Graph_SD.the_user_is_on_graph_page()
  When The user click "graph-representations" link in Graph Page # stepDefinition.Graph_SD.the_user_click_link_in_Graph_Page(java.lang.String)
[INFO ]2023-12-1817:48:57.248[main]utilities.LoggerLoad1]-Graph Representations
  Then The user redirected to "Graph Representations" page       # stepDefinition.DataStructure_SD.the_user_redirected_to_page(java.lang.String)
  When The user click Try here button                            # stepDefinition.DataStructure_SD.the_user_click_try_here_button()
[INFO ]2023-12-1817:48:57.797[main]utilities.LoggerLoad1]-Assessment
  Then The user redirected to "Assessment" page                  # stepDefinition.DataStructure_SD.the_user_redirected_to_page(java.lang.String)
]]></system-out>
  </testcase>
  <testcase name="The user submits python code #3" classname="Validating Graph Page" time="0.623">
    <system-out><![CDATA[
@graph
Scenario Outline: The user submits python code                  # src/test/resources/features/DS10_Graph.feature:45
[INFO ]2023-12-1817:48:57.855[main]utilities.LoggerLoad1]-EXPECTED:hello
[INFO ]2023-12-1817:48:58.096[main]utilities.LoggerLoad1]-ENTERING INPUT:print"hello"
  When The user enter the python code from sheet "Sheet2" and 0 # stepDefinition.DataStructure_SD.the_user_enter_the_sheet_and(java.lang.String,java.lang.Integer)
  And The user click run button                                 # stepDefinition.DataStructure_SD.the_user_click_run_button()
[INFO ]2023-12-1817:48:58.343[main]utilities.LoggerLoad1]-elementToCheck:outputtext
[INFO ]2023-12-1817:48:58.398[main]utilities.LoggerLoad1]-hello
[INFO ]2023-12-1817:48:58.423[main]utilities.LoggerLoad1]-hello
[INFO ]2023-12-1817:48:58.423[main]utilities.LoggerLoad1]-EXPECTED:hello
[INFO ]2023-12-1817:48:58.423[main]utilities.LoggerLoad1]-ACTUAL:hello
  Then The user should see the expected output                  # stepDefinition.DataStructure_SD.the_user_should_see_the_expected_output()
]]></system-out>
  </testcase>
  <testcase name="The user submits python code #4" classname="Validating Graph Page" time="0.535">
    <system-out><![CDATA[
@graph
Scenario Outline: The user submits python code                  # src/test/resources/features/DS10_Graph.feature:46
[INFO ]2023-12-1817:48:58.457[main]utilities.LoggerLoad1]-EXPECTED:NameError: name 'hello' is not defined on line 1
[INFO ]2023-12-1817:48:58.746[main]utilities.LoggerLoad1]-ENTERING INPUT:hello
  When The user enter the python code from sheet "Sheet2" and 1 # stepDefinition.DataStructure_SD.the_user_enter_the_sheet_and(java.lang.String,java.lang.Integer)
  And The user click run button                                 # stepDefinition.DataStructure_SD.the_user_click_run_button()
[INFO ]2023-12-1817:48:58.925[main]utilities.LoggerLoad1]-elementToCheck:alerttext
[INFO ]2023-12-1817:48:58.956[main]utilities.LoggerLoad1]-EXPECTED:NameError: name 'hello' is not defined on line 1
[INFO ]2023-12-1817:48:58.956[main]utilities.LoggerLoad1]-ACTUAL:NameError: name 'hello' is not defined on line 1
  Then The user should see the expected output                  # stepDefinition.DataStructure_SD.the_user_should_see_the_expected_output()
]]></system-out>
  </testcase>
</testsuite>