<?xml version="1.0" encoding="UTF-8"?>
<testng-results ignored="0" total="9" passed="5" failed="1" skipped="3">
  <reporter-output>
  </reporter-output>
  <suite started-at="2023-12-21T12:50:57 CST" name="Suite" finished-at="2023-12-21T12:51:46 CST" duration-ms="48914">
    <groups>
    </groups>
    <test started-at="2023-12-21T12:50:57 CST" name="Testfirefox" finished-at="2023-12-21T12:51:01 CST" duration-ms="3752">
      <class name="factory.DriverFactory">
        <test-method is-config="true" signature="initializeDrivers(java.lang.String)[pri:0, instance:factory.DriverFactory@5d43661b]" started-at="2023-12-21T12:50:57 CST" name="initializeDrivers" finished-at="2023-12-21T12:51:00 CST" duration-ms="3145" status="FAIL">
          <params>
            <param index="0">
              <value>
                <![CDATA[firefox]]>
              </value>
            </param>
          </params>
          <exception class="org.openqa.selenium.SessionNotCreatedException">
            <message>
              <![CDATA[Could not start a new session. Response code 500. Message: Process unexpectedly closed with status 0 
Host info: host: 'LAPTOP-76BTAIO0', ip: '192.168.0.192'
Build info: version: '4.15.0', revision: '1d14b5521b'
System info: os.name: 'Windows 11', os.arch: 'amd64', os.version: '10.0', java.version: '21.0.1'
Driver info: org.openqa.selenium.firefox.FirefoxDriver
Command: [null, newSession {capabilities=[Capabilities {acceptInsecureCerts: true, browserName: firefox, moz:debuggerAddress: true, moz:firefoxOptions: {}}]}]]]>
            </message>
            <full-stacktrace>
              <![CDATA[org.openqa.selenium.SessionNotCreatedException: Could not start a new session. Response code 500. Message: Process unexpectedly closed with status 0 
Host info: host: 'LAPTOP-76BTAIO0', ip: '192.168.0.192'
Build info: version: '4.15.0', revision: '1d14b5521b'
System info: os.name: 'Windows 11', os.arch: 'amd64', os.version: '10.0', java.version: '21.0.1'
Driver info: org.openqa.selenium.firefox.FirefoxDriver
Command: [null, newSession {capabilities=[Capabilities {acceptInsecureCerts: true, browserName: firefox, moz:debuggerAddress: true, moz:firefoxOptions: {}}]}]
at org.openqa.selenium.remote.ProtocolHandshake.createSession(ProtocolHandshake.java:140)
at org.openqa.selenium.remote.ProtocolHandshake.createSession(ProtocolHandshake.java:96)
at org.openqa.selenium.remote.ProtocolHandshake.createSession(ProtocolHandshake.java:68)
at org.openqa.selenium.remote.HttpCommandExecutor.execute(HttpCommandExecutor.java:163)
at org.openqa.selenium.remote.service.DriverCommandExecutor.invokeExecute(DriverCommandExecutor.java:200)
at org.openqa.selenium.remote.service.DriverCommandExecutor.execute(DriverCommandExecutor.java:175)
at org.openqa.selenium.remote.RemoteWebDriver.execute(RemoteWebDriver.java:607)
at org.openqa.selenium.remote.RemoteWebDriver.startSession(RemoteWebDriver.java:241)
at org.openqa.selenium.remote.RemoteWebDriver.<init>(RemoteWebDriver.java:168)
at org.openqa.selenium.firefox.FirefoxDriver.<init>(FirefoxDriver.java:157)
at org.openqa.selenium.firefox.FirefoxDriver.<init>(FirefoxDriver.java:152)
at org.openqa.selenium.firefox.FirefoxDriver.<init>(FirefoxDriver.java:133)
at org.openqa.selenium.firefox.FirefoxDriver.<init>(FirefoxDriver.java:128)
at org.openqa.selenium.firefox.FirefoxDriver.<init>(FirefoxDriver.java:113)
at org.openqa.selenium.firefox.FirefoxDriver.<init>(FirefoxDriver.java:103)
at factory.DriverFactory.initializeDrivers(DriverFactory.java:27)
at java.base/jdk.internal.reflect.DirectMethodHandleAccessor.invoke(DirectMethodHandleAccessor.java:103)
at java.base/java.lang.reflect.Method.invoke(Method.java:580)
at org.testng.internal.invokers.MethodInvocationHelper.invokeMethod(MethodInvocationHelper.java:139)
at org.testng.internal.invokers.MethodInvocationHelper.invokeMethodConsideringTimeout(MethodInvocationHelper.java:69)
at org.testng.internal.invokers.ConfigInvoker.invokeConfigurationMethod(ConfigInvoker.java:390)
at org.testng.internal.invokers.ConfigInvoker.invokeConfigurations(ConfigInvoker.java:325)
at org.testng.TestRunner.invokeTestConfigurations(TestRunner.java:663)
at org.testng.TestRunner.beforeRun(TestRunner.java:652)
at org.testng.TestRunner.run(TestRunner.java:614)
at org.testng.SuiteRunner.runTest(SuiteRunner.java:443)
at org.testng.SuiteRunner$SuiteWorker.run(SuiteRunner.java:481)
at org.testng.internal.thread.ThreadUtil.lambda$execute$0(ThreadUtil.java:58)
at java.base/java.util.concurrent.FutureTask.run(FutureTask.java:317)
at java.base/java.util.concurrent.ThreadPoolExecutor.runWorker(ThreadPoolExecutor.java:1144)
at java.base/java.util.concurrent.ThreadPoolExecutor$Worker.run(ThreadPoolExecutor.java:642)
at java.base/java.lang.Thread.run(Thread.java:1583)
]]>
            </full-stacktrace>
          </exception> <!-- org.openqa.selenium.SessionNotCreatedException -->
          <reporter-output>
          </reporter-output>
        </test-method> <!-- initializeDrivers -->
        <test-method signature="testchrome()[pri:0, instance:factory.DriverFactory@5d43661b]" started-at="2023-12-21T12:51:01 CST" name="testchrome" finished-at="2023-12-21T12:51:01 CST" duration-ms="0" status="SKIP">
          <exception class="org.openqa.selenium.SessionNotCreatedException">
            <message>
              <![CDATA[Could not start a new session. Response code 500. Message: Process unexpectedly closed with status 0 
Host info: host: 'LAPTOP-76BTAIO0', ip: '192.168.0.192'
Build info: version: '4.15.0', revision: '1d14b5521b'
System info: os.name: 'Windows 11', os.arch: 'amd64', os.version: '10.0', java.version: '21.0.1'
Driver info: org.openqa.selenium.firefox.FirefoxDriver
Command: [null, newSession {capabilities=[Capabilities {acceptInsecureCerts: true, browserName: firefox, moz:debuggerAddress: true, moz:firefoxOptions: {}}]}]]]>
            </message>
            <full-stacktrace>
              <![CDATA[org.openqa.selenium.SessionNotCreatedException: Could not start a new session. Response code 500. Message: Process unexpectedly closed with status 0 
Host info: host: 'LAPTOP-76BTAIO0', ip: '192.168.0.192'
Build info: version: '4.15.0', revision: '1d14b5521b'
System info: os.name: 'Windows 11', os.arch: 'amd64', os.version: '10.0', java.version: '21.0.1'
Driver info: org.openqa.selenium.firefox.FirefoxDriver
Command: [null, newSession {capabilities=[Capabilities {acceptInsecureCerts: true, browserName: firefox, moz:debuggerAddress: true, moz:firefoxOptions: {}}]}]
at org.openqa.selenium.remote.ProtocolHandshake.createSession(ProtocolHandshake.java:140)
at org.openqa.selenium.remote.ProtocolHandshake.createSession(ProtocolHandshake.java:96)
at org.openqa.selenium.remote.ProtocolHandshake.createSession(ProtocolHandshake.java:68)
at org.openqa.selenium.remote.HttpCommandExecutor.execute(HttpCommandExecutor.java:163)
at org.openqa.selenium.remote.service.DriverCommandExecutor.invokeExecute(DriverCommandExecutor.java:200)
at org.openqa.selenium.remote.service.DriverCommandExecutor.execute(DriverCommandExecutor.java:175)
at org.openqa.selenium.remote.RemoteWebDriver.execute(RemoteWebDriver.java:607)
at org.openqa.selenium.remote.RemoteWebDriver.startSession(RemoteWebDriver.java:241)
at org.openqa.selenium.remote.RemoteWebDriver.<init>(RemoteWebDriver.java:168)
at org.openqa.selenium.firefox.FirefoxDriver.<init>(FirefoxDriver.java:157)
at org.openqa.selenium.firefox.FirefoxDriver.<init>(FirefoxDriver.java:152)
at org.openqa.selenium.firefox.FirefoxDriver.<init>(FirefoxDriver.java:133)
at org.openqa.selenium.firefox.FirefoxDriver.<init>(FirefoxDriver.java:128)
at org.openqa.selenium.firefox.FirefoxDriver.<init>(FirefoxDriver.java:113)
at org.openqa.selenium.firefox.FirefoxDriver.<init>(FirefoxDriver.java:103)
at factory.DriverFactory.initializeDrivers(DriverFactory.java:27)
at java.base/jdk.internal.reflect.DirectMethodHandleAccessor.invoke(DirectMethodHandleAccessor.java:103)
at java.base/java.lang.reflect.Method.invoke(Method.java:580)
at org.testng.internal.invokers.MethodInvocationHelper.invokeMethod(MethodInvocationHelper.java:139)
at org.testng.internal.invokers.MethodInvocationHelper.invokeMethodConsideringTimeout(MethodInvocationHelper.java:69)
at org.testng.internal.invokers.ConfigInvoker.invokeConfigurationMethod(ConfigInvoker.java:390)
at org.testng.internal.invokers.ConfigInvoker.invokeConfigurations(ConfigInvoker.java:325)
at org.testng.TestRunner.invokeTestConfigurations(TestRunner.java:663)
at org.testng.TestRunner.beforeRun(TestRunner.java:652)
at org.testng.TestRunner.run(TestRunner.java:614)
at org.testng.SuiteRunner.runTest(SuiteRunner.java:443)
at org.testng.SuiteRunner$SuiteWorker.run(SuiteRunner.java:481)
at org.testng.internal.thread.ThreadUtil.lambda$execute$0(ThreadUtil.java:58)
at java.base/java.util.concurrent.FutureTask.run(FutureTask.java:317)
at java.base/java.util.concurrent.ThreadPoolExecutor.runWorker(ThreadPoolExecutor.java:1144)
at java.base/java.util.concurrent.ThreadPoolExecutor$Worker.run(ThreadPoolExecutor.java:642)
at java.base/java.lang.Thread.run(Thread.java:1583)
]]>
            </full-stacktrace>
          </exception> <!-- org.openqa.selenium.SessionNotCreatedException -->
          <reporter-output>
          </reporter-output>
        </test-method> <!-- testchrome -->
        <test-method signature="testedge()[pri:0, instance:factory.DriverFactory@5d43661b]" started-at="2023-12-21T12:51:01 CST" name="testedge" finished-at="2023-12-21T12:51:01 CST" duration-ms="0" status="SKIP">
          <exception class="org.openqa.selenium.SessionNotCreatedException">
            <message>
              <![CDATA[Could not start a new session. Response code 500. Message: Process unexpectedly closed with status 0 
Host info: host: 'LAPTOP-76BTAIO0', ip: '192.168.0.192'
Build info: version: '4.15.0', revision: '1d14b5521b'
System info: os.name: 'Windows 11', os.arch: 'amd64', os.version: '10.0', java.version: '21.0.1'
Driver info: org.openqa.selenium.firefox.FirefoxDriver
Command: [null, newSession {capabilities=[Capabilities {acceptInsecureCerts: true, browserName: firefox, moz:debuggerAddress: true, moz:firefoxOptions: {}}]}]]]>
            </message>
            <full-stacktrace>
              <![CDATA[org.openqa.selenium.SessionNotCreatedException: Could not start a new session. Response code 500. Message: Process unexpectedly closed with status 0 
Host info: host: 'LAPTOP-76BTAIO0', ip: '192.168.0.192'
Build info: version: '4.15.0', revision: '1d14b5521b'
System info: os.name: 'Windows 11', os.arch: 'amd64', os.version: '10.0', java.version: '21.0.1'
Driver info: org.openqa.selenium.firefox.FirefoxDriver
Command: [null, newSession {capabilities=[Capabilities {acceptInsecureCerts: true, browserName: firefox, moz:debuggerAddress: true, moz:firefoxOptions: {}}]}]
at org.openqa.selenium.remote.ProtocolHandshake.createSession(ProtocolHandshake.java:140)
at org.openqa.selenium.remote.ProtocolHandshake.createSession(ProtocolHandshake.java:96)
at org.openqa.selenium.remote.ProtocolHandshake.createSession(ProtocolHandshake.java:68)
at org.openqa.selenium.remote.HttpCommandExecutor.execute(HttpCommandExecutor.java:163)
at org.openqa.selenium.remote.service.DriverCommandExecutor.invokeExecute(DriverCommandExecutor.java:200)
at org.openqa.selenium.remote.service.DriverCommandExecutor.execute(DriverCommandExecutor.java:175)
at org.openqa.selenium.remote.RemoteWebDriver.execute(RemoteWebDriver.java:607)
at org.openqa.selenium.remote.RemoteWebDriver.startSession(RemoteWebDriver.java:241)
at org.openqa.selenium.remote.RemoteWebDriver.<init>(RemoteWebDriver.java:168)
at org.openqa.selenium.firefox.FirefoxDriver.<init>(FirefoxDriver.java:157)
at org.openqa.selenium.firefox.FirefoxDriver.<init>(FirefoxDriver.java:152)
at org.openqa.selenium.firefox.FirefoxDriver.<init>(FirefoxDriver.java:133)
at org.openqa.selenium.firefox.FirefoxDriver.<init>(FirefoxDriver.java:128)
at org.openqa.selenium.firefox.FirefoxDriver.<init>(FirefoxDriver.java:113)
at org.openqa.selenium.firefox.FirefoxDriver.<init>(FirefoxDriver.java:103)
at factory.DriverFactory.initializeDrivers(DriverFactory.java:27)
at java.base/jdk.internal.reflect.DirectMethodHandleAccessor.invoke(DirectMethodHandleAccessor.java:103)
at java.base/java.lang.reflect.Method.invoke(Method.java:580)
at org.testng.internal.invokers.MethodInvocationHelper.invokeMethod(MethodInvocationHelper.java:139)
at org.testng.internal.invokers.MethodInvocationHelper.invokeMethodConsideringTimeout(MethodInvocationHelper.java:69)
at org.testng.internal.invokers.ConfigInvoker.invokeConfigurationMethod(ConfigInvoker.java:390)
at org.testng.internal.invokers.ConfigInvoker.invokeConfigurations(ConfigInvoker.java:325)
at org.testng.TestRunner.invokeTestConfigurations(TestRunner.java:663)
at org.testng.TestRunner.beforeRun(TestRunner.java:652)
at org.testng.TestRunner.run(TestRunner.java:614)
at org.testng.SuiteRunner.runTest(SuiteRunner.java:443)
at org.testng.SuiteRunner$SuiteWorker.run(SuiteRunner.java:481)
at org.testng.internal.thread.ThreadUtil.lambda$execute$0(ThreadUtil.java:58)
at java.base/java.util.concurrent.FutureTask.run(FutureTask.java:317)
at java.base/java.util.concurrent.ThreadPoolExecutor.runWorker(ThreadPoolExecutor.java:1144)
at java.base/java.util.concurrent.ThreadPoolExecutor$Worker.run(ThreadPoolExecutor.java:642)
at java.base/java.lang.Thread.run(Thread.java:1583)
]]>
            </full-stacktrace>
          </exception> <!-- org.openqa.selenium.SessionNotCreatedException -->
          <reporter-output>
          </reporter-output>
        </test-method> <!-- testedge -->
        <test-method signature="testfirefox()[pri:0, instance:factory.DriverFactory@5d43661b]" started-at="2023-12-21T12:51:01 CST" name="testfirefox" finished-at="2023-12-21T12:51:01 CST" duration-ms="0" status="SKIP">
          <exception class="org.openqa.selenium.SessionNotCreatedException">
            <message>
              <![CDATA[Could not start a new session. Response code 500. Message: Process unexpectedly closed with status 0 
Host info: host: 'LAPTOP-76BTAIO0', ip: '192.168.0.192'
Build info: version: '4.15.0', revision: '1d14b5521b'
System info: os.name: 'Windows 11', os.arch: 'amd64', os.version: '10.0', java.version: '21.0.1'
Driver info: org.openqa.selenium.firefox.FirefoxDriver
Command: [null, newSession {capabilities=[Capabilities {acceptInsecureCerts: true, browserName: firefox, moz:debuggerAddress: true, moz:firefoxOptions: {}}]}]]]>
            </message>
            <full-stacktrace>
              <![CDATA[org.openqa.selenium.SessionNotCreatedException: Could not start a new session. Response code 500. Message: Process unexpectedly closed with status 0 
Host info: host: 'LAPTOP-76BTAIO0', ip: '192.168.0.192'
Build info: version: '4.15.0', revision: '1d14b5521b'
System info: os.name: 'Windows 11', os.arch: 'amd64', os.version: '10.0', java.version: '21.0.1'
Driver info: org.openqa.selenium.firefox.FirefoxDriver
Command: [null, newSession {capabilities=[Capabilities {acceptInsecureCerts: true, browserName: firefox, moz:debuggerAddress: true, moz:firefoxOptions: {}}]}]
at org.openqa.selenium.remote.ProtocolHandshake.createSession(ProtocolHandshake.java:140)
at org.openqa.selenium.remote.ProtocolHandshake.createSession(ProtocolHandshake.java:96)
at org.openqa.selenium.remote.ProtocolHandshake.createSession(ProtocolHandshake.java:68)
at org.openqa.selenium.remote.HttpCommandExecutor.execute(HttpCommandExecutor.java:163)
at org.openqa.selenium.remote.service.DriverCommandExecutor.invokeExecute(DriverCommandExecutor.java:200)
at org.openqa.selenium.remote.service.DriverCommandExecutor.execute(DriverCommandExecutor.java:175)
at org.openqa.selenium.remote.RemoteWebDriver.execute(RemoteWebDriver.java:607)
at org.openqa.selenium.remote.RemoteWebDriver.startSession(RemoteWebDriver.java:241)
at org.openqa.selenium.remote.RemoteWebDriver.<init>(RemoteWebDriver.java:168)
at org.openqa.selenium.firefox.FirefoxDriver.<init>(FirefoxDriver.java:157)
at org.openqa.selenium.firefox.FirefoxDriver.<init>(FirefoxDriver.java:152)
at org.openqa.selenium.firefox.FirefoxDriver.<init>(FirefoxDriver.java:133)
at org.openqa.selenium.firefox.FirefoxDriver.<init>(FirefoxDriver.java:128)
at org.openqa.selenium.firefox.FirefoxDriver.<init>(FirefoxDriver.java:113)
at org.openqa.selenium.firefox.FirefoxDriver.<init>(FirefoxDriver.java:103)
at factory.DriverFactory.initializeDrivers(DriverFactory.java:27)
at java.base/jdk.internal.reflect.DirectMethodHandleAccessor.invoke(DirectMethodHandleAccessor.java:103)
at java.base/java.lang.reflect.Method.invoke(Method.java:580)
at org.testng.internal.invokers.MethodInvocationHelper.invokeMethod(MethodInvocationHelper.java:139)
at org.testng.internal.invokers.MethodInvocationHelper.invokeMethodConsideringTimeout(MethodInvocationHelper.java:69)
at org.testng.internal.invokers.ConfigInvoker.invokeConfigurationMethod(ConfigInvoker.java:390)
at org.testng.internal.invokers.ConfigInvoker.invokeConfigurations(ConfigInvoker.java:325)
at org.testng.TestRunner.invokeTestConfigurations(TestRunner.java:663)
at org.testng.TestRunner.beforeRun(TestRunner.java:652)
at org.testng.TestRunner.run(TestRunner.java:614)
at org.testng.SuiteRunner.runTest(SuiteRunner.java:443)
at org.testng.SuiteRunner$SuiteWorker.run(SuiteRunner.java:481)
at org.testng.internal.thread.ThreadUtil.lambda$execute$0(ThreadUtil.java:58)
at java.base/java.util.concurrent.FutureTask.run(FutureTask.java:317)
at java.base/java.util.concurrent.ThreadPoolExecutor.runWorker(ThreadPoolExecutor.java:1144)
at java.base/java.util.concurrent.ThreadPoolExecutor$Worker.run(ThreadPoolExecutor.java:642)
at java.base/java.lang.Thread.run(Thread.java:1583)
]]>
            </full-stacktrace>
          </exception> <!-- org.openqa.selenium.SessionNotCreatedException -->
          <reporter-output>
          </reporter-output>
        </test-method> <!-- testfirefox -->
        <test-method is-config="true" signature="closeallDriver()[pri:0, instance:factory.DriverFactory@5d43661b]" started-at="2023-12-21T12:51:01 CST" name="closeallDriver" finished-at="2023-12-21T12:51:01 CST" duration-ms="0" status="SKIP">
          <reporter-output>
          </reporter-output>
        </test-method> <!-- closeallDriver -->
      </class> <!-- factory.DriverFactory -->
    </test> <!-- Testfirefox -->
    <test started-at="2023-12-21T12:50:57 CST" name="Testchrome" finished-at="2023-12-21T12:51:46 CST" duration-ms="48676">
      <class name="factory.DriverFactory">
        <test-method is-config="true" signature="initializeDrivers(java.lang.String)[pri:0, instance:factory.DriverFactory@7bf3a5d8]" started-at="2023-12-21T12:50:57 CST" name="initializeDrivers" finished-at="2023-12-21T12:51:03 CST" duration-ms="5961" status="PASS">
          <params>
            <param index="0">
              <value>
                <![CDATA[chrome]]>
              </value>
            </param>
          </params>
          <reporter-output>
          </reporter-output>
        </test-method> <!-- initializeDrivers -->
        <test-method signature="testchrome()[pri:0, instance:factory.DriverFactory@7bf3a5d8]" started-at="2023-12-21T12:51:03 CST" name="testchrome" finished-at="2023-12-21T12:51:18 CST" duration-ms="14869" status="PASS">
          <reporter-output>
          </reporter-output>
        </test-method> <!-- testchrome -->
        <test-method signature="testedge()[pri:0, instance:factory.DriverFactory@7bf3a5d8]" started-at="2023-12-21T12:51:18 CST" name="testedge" finished-at="2023-12-21T12:51:29 CST" duration-ms="11270" status="PASS">
          <reporter-output>
          </reporter-output>
        </test-method> <!-- testedge -->
        <test-method signature="testfirefox()[pri:0, instance:factory.DriverFactory@7bf3a5d8]" started-at="2023-12-21T12:51:29 CST" name="testfirefox" finished-at="2023-12-21T12:51:39 CST" duration-ms="9428" status="FAIL">
          <exception class="org.openqa.selenium.SessionNotCreatedException">
            <message>
              <![CDATA[Could not start a new session. Response code 500. Message: Failed to decode response from marionette 
Host info: host: 'LAPTOP-76BTAIO0', ip: '192.168.0.192'
Build info: version: '4.15.0', revision: '1d14b5521b'
System info: os.name: 'Windows 11', os.arch: 'amd64', os.version: '10.0', java.version: '21.0.1'
Driver info: org.openqa.selenium.firefox.FirefoxDriver
Command: [null, newSession {capabilities=[Capabilities {acceptInsecureCerts: true, browserName: firefox, moz:debuggerAddress: true, moz:firefoxOptions: {}}]}]]]>
            </message>
            <full-stacktrace>
              <![CDATA[org.openqa.selenium.SessionNotCreatedException: Could not start a new session. Response code 500. Message: Failed to decode response from marionette 
Host info: host: 'LAPTOP-76BTAIO0', ip: '192.168.0.192'
Build info: version: '4.15.0', revision: '1d14b5521b'
System info: os.name: 'Windows 11', os.arch: 'amd64', os.version: '10.0', java.version: '21.0.1'
Driver info: org.openqa.selenium.firefox.FirefoxDriver
Command: [null, newSession {capabilities=[Capabilities {acceptInsecureCerts: true, browserName: firefox, moz:debuggerAddress: true, moz:firefoxOptions: {}}]}]
at org.openqa.selenium.remote.ProtocolHandshake.createSession(ProtocolHandshake.java:140)
at org.openqa.selenium.remote.ProtocolHandshake.createSession(ProtocolHandshake.java:96)
at org.openqa.selenium.remote.ProtocolHandshake.createSession(ProtocolHandshake.java:68)
at org.openqa.selenium.remote.HttpCommandExecutor.execute(HttpCommandExecutor.java:163)
at org.openqa.selenium.remote.service.DriverCommandExecutor.invokeExecute(DriverCommandExecutor.java:200)
at org.openqa.selenium.remote.service.DriverCommandExecutor.execute(DriverCommandExecutor.java:175)
at org.openqa.selenium.remote.RemoteWebDriver.execute(RemoteWebDriver.java:607)
at org.openqa.selenium.remote.RemoteWebDriver.startSession(RemoteWebDriver.java:241)
at org.openqa.selenium.remote.RemoteWebDriver.<init>(RemoteWebDriver.java:168)
at org.openqa.selenium.firefox.FirefoxDriver.<init>(FirefoxDriver.java:157)
at org.openqa.selenium.firefox.FirefoxDriver.<init>(FirefoxDriver.java:152)
at org.openqa.selenium.firefox.FirefoxDriver.<init>(FirefoxDriver.java:133)
at org.openqa.selenium.firefox.FirefoxDriver.<init>(FirefoxDriver.java:128)
at org.openqa.selenium.firefox.FirefoxDriver.<init>(FirefoxDriver.java:113)
at org.openqa.selenium.firefox.FirefoxDriver.<init>(FirefoxDriver.java:103)
at factory.DriverFactory.testfirefox(DriverFactory.java:63)
at java.base/jdk.internal.reflect.DirectMethodHandleAccessor.invoke(DirectMethodHandleAccessor.java:103)
at java.base/java.lang.reflect.Method.invoke(Method.java:580)
at org.testng.internal.invokers.MethodInvocationHelper.invokeMethod(MethodInvocationHelper.java:139)
at org.testng.internal.invokers.TestInvoker.invokeMethod(TestInvoker.java:664)
at org.testng.internal.invokers.TestInvoker.invokeTestMethod(TestInvoker.java:227)
at org.testng.internal.invokers.MethodRunner.runInSequence(MethodRunner.java:50)
at org.testng.internal.invokers.TestInvoker$MethodInvocationAgent.invoke(TestInvoker.java:957)
at org.testng.internal.invokers.TestInvoker.invokeTestMethods(TestInvoker.java:200)
at org.testng.internal.invokers.TestMethodWorker.invokeTestMethods(TestMethodWorker.java:148)
at org.testng.internal.invokers.TestMethodWorker.run(TestMethodWorker.java:128)
at java.base/java.util.ArrayList.forEach(ArrayList.java:1596)
at org.testng.TestRunner.privateRun(TestRunner.java:848)
at org.testng.TestRunner.run(TestRunner.java:621)
at org.testng.SuiteRunner.runTest(SuiteRunner.java:443)
at org.testng.SuiteRunner$SuiteWorker.run(SuiteRunner.java:481)
at org.testng.internal.thread.ThreadUtil.lambda$execute$0(ThreadUtil.java:58)
at java.base/java.util.concurrent.FutureTask.run(FutureTask.java:317)
at java.base/java.util.concurrent.ThreadPoolExecutor.runWorker(ThreadPoolExecutor.java:1144)
at java.base/java.util.concurrent.ThreadPoolExecutor$Worker.run(ThreadPoolExecutor.java:642)
at java.base/java.lang.Thread.run(Thread.java:1583)
]]>
            </full-stacktrace>
          </exception> <!-- org.openqa.selenium.SessionNotCreatedException -->
          <reporter-output>
          </reporter-output>
        </test-method> <!-- testfirefox -->
        <test-method is-config="true" signature="closeallDriver()[pri:0, instance:factory.DriverFactory@7bf3a5d8]" started-at="2023-12-21T12:51:39 CST" name="closeallDriver" finished-at="2023-12-21T12:51:46 CST" duration-ms="6900" status="PASS">
          <reporter-output>
          </reporter-output>
        </test-method> <!-- closeallDriver -->
      </class> <!-- factory.DriverFactory -->
    </test> <!-- Testchrome -->
    <test started-at="2023-12-21T12:50:57 CST" name="Testedge" finished-at="2023-12-21T12:51:46 CST" duration-ms="48913">
      <class name="factory.DriverFactory">
        <test-method is-config="true" signature="initializeDrivers(java.lang.String)[pri:0, instance:factory.DriverFactory@2fba3fc4]" started-at="2023-12-21T12:50:57 CST" name="initializeDrivers" finished-at="2023-12-21T12:51:09 CST" duration-ms="11718" status="PASS">
          <params>
            <param index="0">
              <value>
                <![CDATA[edge]]>
              </value>
            </param>
          </params>
          <reporter-output>
          </reporter-output>
        </test-method> <!-- initializeDrivers -->
        <test-method signature="testchrome()[pri:0, instance:factory.DriverFactory@2fba3fc4]" started-at="2023-12-21T12:51:09 CST" name="testchrome" finished-at="2023-12-21T12:51:14 CST" duration-ms="5390" status="PASS">
          <reporter-output>
          </reporter-output>
        </test-method> <!-- testchrome -->
        <test-method signature="testedge()[pri:0, instance:factory.DriverFactory@2fba3fc4]" started-at="2023-12-21T12:51:14 CST" name="testedge" finished-at="2023-12-21T12:51:31 CST" duration-ms="16894" status="PASS">
          <reporter-output>
          </reporter-output>
        </test-method> <!-- testedge -->
        <test-method signature="testfirefox()[pri:0, instance:factory.DriverFactory@2fba3fc4]" started-at="2023-12-21T12:51:31 CST" name="testfirefox" finished-at="2023-12-21T12:51:43 CST" duration-ms="11970" status="PASS">
          <reporter-output>
          </reporter-output>
        </test-method> <!-- testfirefox -->
        <test-method is-config="true" signature="closeallDriver()[pri:0, instance:factory.DriverFactory@2fba3fc4]" started-at="2023-12-21T12:51:43 CST" name="closeallDriver" finished-at="2023-12-21T12:51:46 CST" duration-ms="2877" status="PASS">
          <reporter-output>
          </reporter-output>
        </test-method> <!-- closeallDriver -->
      </class> <!-- factory.DriverFactory -->
    </test> <!-- Testedge -->
  </suite> <!-- Suite -->
</testng-results>
